{"/Users/phil/workdir/github/JonathanWilbur/cap-ts/source/CAP-1-2.ts": {"path":"/Users/phil/workdir/github/JonathanWilbur/cap-ts/source/CAP-1-2.ts","statementMap":{"0":{"start":{"line":41,"column":4},"end":{"line":47,"column":13}},"1":{"start":{"line":50,"column":4},"end":{"line":50,"column":31}},"2":{"start":{"line":50,"column":14},"end":{"line":50,"column":31}},"3":{"start":{"line":51,"column":4},"end":{"line":57,"column":31}},"4":{"start":{"line":60,"column":4},"end":{"line":60,"column":23}},"5":{"start":{"line":62,"column":4},"end":{"line":62,"column":22}},"6":{"start":{"line":64,"column":4},"end":{"line":64,"column":25}},"7":{"start":{"line":66,"column":4},"end":{"line":66,"column":23}},"8":{"start":{"line":68,"column":4},"end":{"line":68,"column":21}},"9":{"start":{"line":71,"column":11},"end":{"line":71,"column":15}},"10":{"start":{"line":74,"column":11},"end":{"line":74,"column":15}},"11":{"start":{"line":76,"column":4},"end":{"line":78,"column":5}},"12":{"start":{"line":77,"column":8},"end":{"line":77,"column":69}},"13":{"start":{"line":79,"column":4},"end":{"line":79,"column":48}},"14":{"start":{"line":85,"column":4},"end":{"line":87,"column":5}},"15":{"start":{"line":86,"column":8},"end":{"line":86,"column":69}},"16":{"start":{"line":88,"column":4},"end":{"line":88,"column":61}},"17":{"start":{"line":99,"column":4},"end":{"line":105,"column":13}},"18":{"start":{"line":108,"column":4},"end":{"line":108,"column":31}},"19":{"start":{"line":108,"column":14},"end":{"line":108,"column":31}},"20":{"start":{"line":109,"column":4},"end":{"line":115,"column":31}},"21":{"start":{"line":118,"column":4},"end":{"line":118,"column":21}},"22":{"start":{"line":120,"column":4},"end":{"line":120,"column":23}},"23":{"start":{"line":122,"column":4},"end":{"line":122,"column":24}},"24":{"start":{"line":124,"column":4},"end":{"line":124,"column":23}},"25":{"start":{"line":126,"column":4},"end":{"line":126,"column":24}},"26":{"start":{"line":129,"column":11},"end":{"line":129,"column":15}},"27":{"start":{"line":132,"column":11},"end":{"line":132,"column":15}},"28":{"start":{"line":134,"column":4},"end":{"line":136,"column":5}},"29":{"start":{"line":135,"column":8},"end":{"line":135,"column":70}},"30":{"start":{"line":137,"column":4},"end":{"line":137,"column":49}},"31":{"start":{"line":143,"column":4},"end":{"line":145,"column":5}},"32":{"start":{"line":144,"column":8},"end":{"line":144,"column":70}},"33":{"start":{"line":146,"column":4},"end":{"line":146,"column":62}},"34":{"start":{"line":155,"column":4},"end":{"line":159,"column":13}},"35":{"start":{"line":162,"column":4},"end":{"line":162,"column":31}},"36":{"start":{"line":162,"column":14},"end":{"line":162,"column":31}},"37":{"start":{"line":163,"column":4},"end":{"line":167,"column":31}},"38":{"start":{"line":170,"column":4},"end":{"line":170,"column":24}},"39":{"start":{"line":172,"column":4},"end":{"line":172,"column":23}},"40":{"start":{"line":174,"column":4},"end":{"line":174,"column":26}},"41":{"start":{"line":177,"column":11},"end":{"line":177,"column":15}},"42":{"start":{"line":180,"column":11},"end":{"line":180,"column":15}},"43":{"start":{"line":182,"column":4},"end":{"line":184,"column":5}},"44":{"start":{"line":183,"column":8},"end":{"line":183,"column":68}},"45":{"start":{"line":185,"column":4},"end":{"line":185,"column":47}},"46":{"start":{"line":191,"column":4},"end":{"line":193,"column":5}},"47":{"start":{"line":192,"column":8},"end":{"line":192,"column":68}},"48":{"start":{"line":194,"column":4},"end":{"line":194,"column":60}},"49":{"start":{"line":212,"column":4},"end":{"line":225,"column":13}},"50":{"start":{"line":228,"column":4},"end":{"line":228,"column":31}},"51":{"start":{"line":228,"column":14},"end":{"line":228,"column":31}},"52":{"start":{"line":229,"column":4},"end":{"line":242,"column":31}},"53":{"start":{"line":245,"column":4},"end":{"line":245,"column":53}},"54":{"start":{"line":247,"column":4},"end":{"line":247,"column":51}},"55":{"start":{"line":249,"column":4},"end":{"line":249,"column":52}},"56":{"start":{"line":251,"column":4},"end":{"line":251,"column":51}},"57":{"start":{"line":253,"column":4},"end":{"line":253,"column":54}},"58":{"start":{"line":255,"column":4},"end":{"line":255,"column":53}},"59":{"start":{"line":257,"column":4},"end":{"line":257,"column":51}},"60":{"start":{"line":259,"column":4},"end":{"line":259,"column":53}},"61":{"start":{"line":261,"column":4},"end":{"line":261,"column":54}},"62":{"start":{"line":263,"column":4},"end":{"line":263,"column":54}},"63":{"start":{"line":265,"column":4},"end":{"line":265,"column":56}},"64":{"start":{"line":267,"column":4},"end":{"line":267,"column":57}},"65":{"start":{"line":270,"column":11},"end":{"line":270,"column":15}},"66":{"start":{"line":273,"column":11},"end":{"line":273,"column":15}},"67":{"start":{"line":277,"column":4},"end":{"line":280,"column":5}},"68":{"start":{"line":278,"column":8},"end":{"line":279,"column":38}},"69":{"start":{"line":281,"column":4},"end":{"line":281,"column":79}},"70":{"start":{"line":287,"column":4},"end":{"line":290,"column":5}},"71":{"start":{"line":288,"column":8},"end":{"line":289,"column":38}},"72":{"start":{"line":291,"column":4},"end":{"line":294,"column":6}},"73":{"start":{"line":309,"column":4},"end":{"line":319,"column":13}},"74":{"start":{"line":322,"column":4},"end":{"line":322,"column":31}},"75":{"start":{"line":322,"column":14},"end":{"line":322,"column":31}},"76":{"start":{"line":323,"column":4},"end":{"line":333,"column":31}},"77":{"start":{"line":336,"column":4},"end":{"line":336,"column":64}},"78":{"start":{"line":338,"column":4},"end":{"line":338,"column":62}},"79":{"start":{"line":340,"column":4},"end":{"line":340,"column":61}},"80":{"start":{"line":342,"column":4},"end":{"line":342,"column":64}},"81":{"start":{"line":344,"column":4},"end":{"line":344,"column":63}},"82":{"start":{"line":346,"column":4},"end":{"line":346,"column":63}},"83":{"start":{"line":348,"column":4},"end":{"line":348,"column":60}},"84":{"start":{"line":350,"column":4},"end":{"line":350,"column":63}},"85":{"start":{"line":352,"column":4},"end":{"line":352,"column":63}},"86":{"start":{"line":355,"column":11},"end":{"line":355,"column":15}},"87":{"start":{"line":358,"column":11},"end":{"line":358,"column":15}},"88":{"start":{"line":362,"column":4},"end":{"line":367,"column":5}},"89":{"start":{"line":365,"column":8},"end":{"line":366,"column":38}},"90":{"start":{"line":368,"column":4},"end":{"line":370,"column":6}},"91":{"start":{"line":378,"column":4},"end":{"line":383,"column":5}},"92":{"start":{"line":381,"column":8},"end":{"line":382,"column":38}},"93":{"start":{"line":384,"column":4},"end":{"line":387,"column":6}},"94":{"start":{"line":398,"column":4},"end":{"line":404,"column":13}},"95":{"start":{"line":407,"column":4},"end":{"line":407,"column":31}},"96":{"start":{"line":407,"column":14},"end":{"line":407,"column":31}},"97":{"start":{"line":408,"column":4},"end":{"line":414,"column":31}},"98":{"start":{"line":417,"column":4},"end":{"line":417,"column":41}},"99":{"start":{"line":419,"column":4},"end":{"line":419,"column":39}},"100":{"start":{"line":421,"column":4},"end":{"line":421,"column":42}},"101":{"start":{"line":423,"column":4},"end":{"line":423,"column":37}},"102":{"start":{"line":425,"column":4},"end":{"line":425,"column":40}},"103":{"start":{"line":428,"column":11},"end":{"line":428,"column":15}},"104":{"start":{"line":431,"column":11},"end":{"line":431,"column":15}},"105":{"start":{"line":433,"column":4},"end":{"line":436,"column":5}},"106":{"start":{"line":434,"column":8},"end":{"line":435,"column":38}},"107":{"start":{"line":437,"column":4},"end":{"line":437,"column":64}},"108":{"start":{"line":443,"column":4},"end":{"line":446,"column":5}},"109":{"start":{"line":444,"column":8},"end":{"line":445,"column":38}},"110":{"start":{"line":447,"column":4},"end":{"line":447,"column":77}},"111":{"start":{"line":458,"column":4},"end":{"line":464,"column":13}},"112":{"start":{"line":467,"column":4},"end":{"line":467,"column":31}},"113":{"start":{"line":467,"column":14},"end":{"line":467,"column":31}},"114":{"start":{"line":468,"column":4},"end":{"line":474,"column":31}},"115":{"start":{"line":477,"column":4},"end":{"line":477,"column":41}},"116":{"start":{"line":479,"column":4},"end":{"line":479,"column":39}},"117":{"start":{"line":481,"column":4},"end":{"line":481,"column":42}},"118":{"start":{"line":483,"column":4},"end":{"line":483,"column":40}},"119":{"start":{"line":485,"column":4},"end":{"line":485,"column":41}},"120":{"start":{"line":488,"column":11},"end":{"line":488,"column":15}},"121":{"start":{"line":491,"column":11},"end":{"line":491,"column":15}},"122":{"start":{"line":493,"column":4},"end":{"line":496,"column":5}},"123":{"start":{"line":494,"column":8},"end":{"line":495,"column":38}},"124":{"start":{"line":497,"column":4},"end":{"line":497,"column":65}},"125":{"start":{"line":503,"column":4},"end":{"line":506,"column":5}},"126":{"start":{"line":504,"column":8},"end":{"line":505,"column":38}},"127":{"start":{"line":507,"column":4},"end":{"line":507,"column":78}},"128":{"start":{"line":518,"column":4},"end":{"line":524,"column":13}},"129":{"start":{"line":527,"column":4},"end":{"line":527,"column":31}},"130":{"start":{"line":527,"column":14},"end":{"line":527,"column":31}},"131":{"start":{"line":528,"column":4},"end":{"line":535,"column":31}},"132":{"start":{"line":538,"column":4},"end":{"line":538,"column":41}},"133":{"start":{"line":540,"column":4},"end":{"line":540,"column":43}},"134":{"start":{"line":542,"column":4},"end":{"line":542,"column":43}},"135":{"start":{"line":544,"column":4},"end":{"line":544,"column":42}},"136":{"start":{"line":546,"column":4},"end":{"line":546,"column":43}},"137":{"start":{"line":549,"column":11},"end":{"line":549,"column":15}},"138":{"start":{"line":552,"column":11},"end":{"line":552,"column":15}},"139":{"start":{"line":554,"column":4},"end":{"line":557,"column":5}},"140":{"start":{"line":555,"column":8},"end":{"line":556,"column":38}},"141":{"start":{"line":558,"column":4},"end":{"line":558,"column":66}},"142":{"start":{"line":564,"column":4},"end":{"line":567,"column":5}},"143":{"start":{"line":565,"column":8},"end":{"line":566,"column":38}},"144":{"start":{"line":568,"column":4},"end":{"line":568,"column":79}},"145":{"start":{"line":572,"column":75},"end":{"line":572,"column":79}},"146":{"start":{"line":573,"column":75},"end":{"line":573,"column":79}},"147":{"start":{"line":575,"column":4},"end":{"line":577,"column":5}},"148":{"start":{"line":576,"column":8},"end":{"line":576,"column":59}},"149":{"start":{"line":578,"column":4},"end":{"line":578,"column":45}},"150":{"start":{"line":584,"column":4},"end":{"line":586,"column":5}},"151":{"start":{"line":585,"column":8},"end":{"line":585,"column":59}},"152":{"start":{"line":587,"column":4},"end":{"line":587,"column":58}},"153":{"start":{"line":591,"column":67},"end":{"line":591,"column":71}},"154":{"start":{"line":592,"column":67},"end":{"line":592,"column":71}},"155":{"start":{"line":594,"column":4},"end":{"line":596,"column":5}},"156":{"start":{"line":595,"column":8},"end":{"line":595,"column":55}},"157":{"start":{"line":597,"column":4},"end":{"line":597,"column":41}},"158":{"start":{"line":603,"column":4},"end":{"line":605,"column":5}},"159":{"start":{"line":604,"column":8},"end":{"line":604,"column":55}},"160":{"start":{"line":606,"column":4},"end":{"line":606,"column":54}},"161":{"start":{"line":612,"column":123},"end":{"line":627,"column":1}},"162":{"start":{"line":628,"column":123},"end":{"line":628,"column":125}},"163":{"start":{"line":629,"column":121},"end":{"line":629,"column":123}},"164":{"start":{"line":632,"column":11},"end":{"line":632,"column":15}},"165":{"start":{"line":635,"column":11},"end":{"line":635,"column":15}},"166":{"start":{"line":639,"column":4},"end":{"line":664,"column":5}},"167":{"start":{"line":640,"column":8},"end":{"line":663,"column":10}},"168":{"start":{"line":643,"column":49},"end":{"line":643,"column":60}},"169":{"start":{"line":644,"column":12},"end":{"line":650,"column":13}},"170":{"start":{"line":645,"column":16},"end":{"line":649,"column":18}},"171":{"start":{"line":652,"column":12},"end":{"line":652,"column":43}},"172":{"start":{"line":653,"column":12},"end":{"line":653,"column":39}},"173":{"start":{"line":656,"column":12},"end":{"line":656,"column":55}},"174":{"start":{"line":657,"column":12},"end":{"line":657,"column":47}},"175":{"start":{"line":659,"column":12},"end":{"line":662,"column":14}},"176":{"start":{"line":665,"column":4},"end":{"line":667,"column":6}},"177":{"start":{"line":673,"column":4},"end":{"line":698,"column":5}},"178":{"start":{"line":674,"column":8},"end":{"line":697,"column":10}},"179":{"start":{"line":680,"column":12},"end":{"line":696,"column":14}},"180":{"start":{"line":693,"column":70},"end":{"line":693,"column":73}},"181":{"start":{"line":699,"column":4},"end":{"line":702,"column":6}},"182":{"start":{"line":708,"column":123},"end":{"line":723,"column":1}},"183":{"start":{"line":724,"column":123},"end":{"line":724,"column":125}},"184":{"start":{"line":725,"column":121},"end":{"line":725,"column":123}},"185":{"start":{"line":728,"column":11},"end":{"line":728,"column":15}},"186":{"start":{"line":731,"column":11},"end":{"line":731,"column":15}},"187":{"start":{"line":735,"column":4},"end":{"line":760,"column":5}},"188":{"start":{"line":736,"column":8},"end":{"line":759,"column":10}},"189":{"start":{"line":739,"column":49},"end":{"line":739,"column":60}},"190":{"start":{"line":740,"column":12},"end":{"line":746,"column":13}},"191":{"start":{"line":741,"column":16},"end":{"line":745,"column":18}},"192":{"start":{"line":748,"column":12},"end":{"line":748,"column":43}},"193":{"start":{"line":749,"column":12},"end":{"line":749,"column":39}},"194":{"start":{"line":752,"column":12},"end":{"line":752,"column":55}},"195":{"start":{"line":753,"column":12},"end":{"line":753,"column":47}},"196":{"start":{"line":755,"column":12},"end":{"line":758,"column":14}},"197":{"start":{"line":761,"column":4},"end":{"line":763,"column":6}},"198":{"start":{"line":769,"column":4},"end":{"line":794,"column":5}},"199":{"start":{"line":770,"column":8},"end":{"line":793,"column":10}},"200":{"start":{"line":776,"column":12},"end":{"line":792,"column":14}},"201":{"start":{"line":789,"column":70},"end":{"line":789,"column":73}},"202":{"start":{"line":795,"column":4},"end":{"line":798,"column":6}},"203":{"start":{"line":811,"column":121},"end":{"line":854,"column":1}},"204":{"start":{"line":855,"column":121},"end":{"line":855,"column":123}},"205":{"start":{"line":856,"column":119},"end":{"line":856,"column":121}},"206":{"start":{"line":859,"column":11},"end":{"line":859,"column":15}},"207":{"start":{"line":862,"column":11},"end":{"line":862,"column":15}},"208":{"start":{"line":866,"column":4},"end":{"line":917,"column":5}},"209":{"start":{"line":867,"column":8},"end":{"line":916,"column":10}},"210":{"start":{"line":879,"column":51},"end":{"line":898,"column":13}},"211":{"start":{"line":881,"column":20},"end":{"line":881,"column":59}},"212":{"start":{"line":884,"column":20},"end":{"line":884,"column":55}},"213":{"start":{"line":887,"column":20},"end":{"line":887,"column":55}},"214":{"start":{"line":890,"column":20},"end":{"line":890,"column":50}},"215":{"start":{"line":893,"column":20},"end":{"line":893,"column":55}},"216":{"start":{"line":896,"column":20},"end":{"line":896,"column":53}},"217":{"start":{"line":900,"column":12},"end":{"line":907,"column":14}},"218":{"start":{"line":908,"column":12},"end":{"line":915,"column":14}},"219":{"start":{"line":918,"column":4},"end":{"line":918,"column":79}},"220":{"start":{"line":924,"column":4},"end":{"line":961,"column":5}},"221":{"start":{"line":925,"column":8},"end":{"line":960,"column":10}},"222":{"start":{"line":931,"column":12},"end":{"line":959,"column":14}},"223":{"start":{"line":956,"column":70},"end":{"line":956,"column":73}},"224":{"start":{"line":962,"column":4},"end":{"line":965,"column":6}},"225":{"start":{"line":971,"column":134},"end":{"line":986,"column":1}},"226":{"start":{"line":987,"column":134},"end":{"line":987,"column":136}},"227":{"start":{"line":988,"column":132},"end":{"line":988,"column":134}},"228":{"start":{"line":991,"column":11},"end":{"line":991,"column":15}},"229":{"start":{"line":994,"column":11},"end":{"line":994,"column":15}},"230":{"start":{"line":998,"column":4},"end":{"line":1025,"column":5}},"231":{"start":{"line":1001,"column":8},"end":{"line":1024,"column":10}},"232":{"start":{"line":1004,"column":49},"end":{"line":1004,"column":60}},"233":{"start":{"line":1005,"column":12},"end":{"line":1011,"column":13}},"234":{"start":{"line":1006,"column":16},"end":{"line":1010,"column":18}},"235":{"start":{"line":1013,"column":12},"end":{"line":1013,"column":43}},"236":{"start":{"line":1014,"column":12},"end":{"line":1014,"column":39}},"237":{"start":{"line":1017,"column":12},"end":{"line":1017,"column":55}},"238":{"start":{"line":1018,"column":12},"end":{"line":1018,"column":47}},"239":{"start":{"line":1020,"column":12},"end":{"line":1023,"column":14}},"240":{"start":{"line":1026,"column":4},"end":{"line":1028,"column":6}},"241":{"start":{"line":1036,"column":4},"end":{"line":1063,"column":5}},"242":{"start":{"line":1039,"column":8},"end":{"line":1062,"column":10}},"243":{"start":{"line":1045,"column":12},"end":{"line":1061,"column":14}},"244":{"start":{"line":1058,"column":70},"end":{"line":1058,"column":73}},"245":{"start":{"line":1064,"column":4},"end":{"line":1067,"column":6}},"246":{"start":{"line":1080,"column":113},"end":{"line":1123,"column":1}},"247":{"start":{"line":1124,"column":113},"end":{"line":1124,"column":115}},"248":{"start":{"line":1125,"column":111},"end":{"line":1125,"column":113}},"249":{"start":{"line":1128,"column":11},"end":{"line":1128,"column":15}},"250":{"start":{"line":1131,"column":11},"end":{"line":1131,"column":15}},"251":{"start":{"line":1135,"column":4},"end":{"line":1195,"column":5}},"252":{"start":{"line":1136,"column":8},"end":{"line":1194,"column":10}},"253":{"start":{"line":1148,"column":51},"end":{"line":1176,"column":13}},"254":{"start":{"line":1150,"column":20},"end":{"line":1150,"column":55}},"255":{"start":{"line":1153,"column":20},"end":{"line":1155,"column":27}},"256":{"start":{"line":1154,"column":30},"end":{"line":1154,"column":48}},"257":{"start":{"line":1158,"column":20},"end":{"line":1160,"column":27}},"258":{"start":{"line":1159,"column":30},"end":{"line":1159,"column":48}},"259":{"start":{"line":1163,"column":20},"end":{"line":1168,"column":27}},"260":{"start":{"line":1167,"column":28},"end":{"line":1167,"column":92}},"261":{"start":{"line":1171,"column":20},"end":{"line":1171,"column":56}},"262":{"start":{"line":1174,"column":20},"end":{"line":1174,"column":55}},"263":{"start":{"line":1178,"column":12},"end":{"line":1185,"column":14}},"264":{"start":{"line":1186,"column":12},"end":{"line":1193,"column":14}},"265":{"start":{"line":1196,"column":4},"end":{"line":1196,"column":71}},"266":{"start":{"line":1202,"column":4},"end":{"line":1242,"column":5}},"267":{"start":{"line":1203,"column":8},"end":{"line":1241,"column":10}},"268":{"start":{"line":1207,"column":12},"end":{"line":1240,"column":14}},"269":{"start":{"line":1215,"column":34},"end":{"line":1215,"column":52}},"270":{"start":{"line":1219,"column":34},"end":{"line":1219,"column":52}},"271":{"start":{"line":1226,"column":32},"end":{"line":1226,"column":96}},"272":{"start":{"line":1237,"column":70},"end":{"line":1237,"column":73}},"273":{"start":{"line":1243,"column":4},"end":{"line":1246,"column":6}},"274":{"start":{"line":1274,"column":98},"end":{"line":1422,"column":1}},"275":{"start":{"line":1423,"column":98},"end":{"line":1423,"column":100}},"276":{"start":{"line":1424,"column":96},"end":{"line":1424,"column":98}},"277":{"start":{"line":1427,"column":11},"end":{"line":1427,"column":15}},"278":{"start":{"line":1430,"column":11},"end":{"line":1430,"column":15}},"279":{"start":{"line":1432,"column":4},"end":{"line":1585,"column":5}},"280":{"start":{"line":1433,"column":8},"end":{"line":1584,"column":10}},"281":{"start":{"line":1460,"column":51},"end":{"line":1551,"column":13}},"282":{"start":{"line":1462,"column":20},"end":{"line":1462,"column":57}},"283":{"start":{"line":1465,"column":20},"end":{"line":1470,"column":27}},"284":{"start":{"line":1469,"column":28},"end":{"line":1469,"column":79}},"285":{"start":{"line":1473,"column":20},"end":{"line":1473,"column":52}},"286":{"start":{"line":1476,"column":20},"end":{"line":1481,"column":27}},"287":{"start":{"line":1480,"column":28},"end":{"line":1480,"column":87}},"288":{"start":{"line":1484,"column":20},"end":{"line":1484,"column":72}},"289":{"start":{"line":1487,"column":20},"end":{"line":1487,"column":74}},"290":{"start":{"line":1490,"column":20},"end":{"line":1490,"column":76}},"291":{"start":{"line":1493,"column":20},"end":{"line":1493,"column":55}},"292":{"start":{"line":1496,"column":20},"end":{"line":1501,"column":27}},"293":{"start":{"line":1500,"column":28},"end":{"line":1500,"column":81}},"294":{"start":{"line":1504,"column":20},"end":{"line":1504,"column":58}},"295":{"start":{"line":1507,"column":20},"end":{"line":1507,"column":54}},"296":{"start":{"line":1510,"column":20},"end":{"line":1510,"column":56}},"297":{"start":{"line":1513,"column":20},"end":{"line":1513,"column":57}},"298":{"start":{"line":1516,"column":20},"end":{"line":1516,"column":55}},"299":{"start":{"line":1519,"column":20},"end":{"line":1519,"column":58}},"300":{"start":{"line":1522,"column":20},"end":{"line":1522,"column":58}},"301":{"start":{"line":1525,"column":20},"end":{"line":1525,"column":50}},"302":{"start":{"line":1528,"column":20},"end":{"line":1528,"column":54}},"303":{"start":{"line":1531,"column":20},"end":{"line":1536,"column":27}},"304":{"start":{"line":1535,"column":28},"end":{"line":1535,"column":81}},"305":{"start":{"line":1539,"column":20},"end":{"line":1544,"column":27}},"306":{"start":{"line":1543,"column":28},"end":{"line":1543,"column":79}},"307":{"start":{"line":1547,"column":20},"end":{"line":1549,"column":78}},"308":{"start":{"line":1549,"column":28},"end":{"line":1549,"column":71}},"309":{"start":{"line":1553,"column":12},"end":{"line":1560,"column":14}},"310":{"start":{"line":1561,"column":12},"end":{"line":1583,"column":14}},"311":{"start":{"line":1586,"column":4},"end":{"line":1586,"column":56}},"312":{"start":{"line":1592,"column":4},"end":{"line":1706,"column":5}},"313":{"start":{"line":1593,"column":8},"end":{"line":1705,"column":10}},"314":{"start":{"line":1597,"column":12},"end":{"line":1704,"column":14}},"315":{"start":{"line":1607,"column":32},"end":{"line":1607,"column":83}},"316":{"start":{"line":1618,"column":32},"end":{"line":1618,"column":91}},"317":{"start":{"line":1640,"column":32},"end":{"line":1640,"column":85}},"318":{"start":{"line":1683,"column":32},"end":{"line":1683,"column":85}},"319":{"start":{"line":1690,"column":32},"end":{"line":1690,"column":83}},"320":{"start":{"line":1696,"column":34},"end":{"line":1696,"column":77}},"321":{"start":{"line":1701,"column":70},"end":{"line":1701,"column":73}},"322":{"start":{"line":1707,"column":4},"end":{"line":1707,"column":69}},"323":{"start":{"line":1730,"column":8},"end":{"line":1730,"column":32}},"324":{"start":{"line":1734,"column":8},"end":{"line":1734,"column":33}},"325":{"start":{"line":1737,"column":83},"end":{"line":1843,"column":1}},"326":{"start":{"line":1844,"column":83},"end":{"line":1844,"column":85}},"327":{"start":{"line":1845,"column":81},"end":{"line":1845,"column":83}},"328":{"start":{"line":1846,"column":67},"end":{"line":1846,"column":71}},"329":{"start":{"line":1847,"column":67},"end":{"line":1847,"column":71}},"330":{"start":{"line":1849,"column":4},"end":{"line":1949,"column":5}},"331":{"start":{"line":1850,"column":8},"end":{"line":1948,"column":10}},"332":{"start":{"line":1869,"column":51},"end":{"line":1921,"column":13}},"333":{"start":{"line":1871,"column":20},"end":{"line":1871,"column":57}},"334":{"start":{"line":1874,"column":20},"end":{"line":1874,"column":53}},"335":{"start":{"line":1877,"column":20},"end":{"line":1877,"column":53}},"336":{"start":{"line":1880,"column":20},"end":{"line":1880,"column":55}},"337":{"start":{"line":1883,"column":20},"end":{"line":1883,"column":57}},"338":{"start":{"line":1886,"column":20},"end":{"line":1886,"column":53}},"339":{"start":{"line":1889,"column":20},"end":{"line":1889,"column":53}},"340":{"start":{"line":1892,"column":20},"end":{"line":1892,"column":58}},"341":{"start":{"line":1895,"column":20},"end":{"line":1895,"column":56}},"342":{"start":{"line":1898,"column":20},"end":{"line":1900,"column":27}},"343":{"start":{"line":1899,"column":30},"end":{"line":1899,"column":48}},"344":{"start":{"line":1903,"column":20},"end":{"line":1903,"column":51}},"345":{"start":{"line":1906,"column":20},"end":{"line":1906,"column":57}},"346":{"start":{"line":1909,"column":20},"end":{"line":1909,"column":56}},"347":{"start":{"line":1912,"column":20},"end":{"line":1914,"column":27}},"348":{"start":{"line":1913,"column":30},"end":{"line":1913,"column":58}},"349":{"start":{"line":1917,"column":20},"end":{"line":1919,"column":27}},"350":{"start":{"line":1918,"column":30},"end":{"line":1918,"column":48}},"351":{"start":{"line":1923,"column":12},"end":{"line":1930,"column":14}},"352":{"start":{"line":1931,"column":12},"end":{"line":1947,"column":14}},"353":{"start":{"line":1950,"column":4},"end":{"line":1950,"column":41}},"354":{"start":{"line":1956,"column":4},"end":{"line":2030,"column":5}},"355":{"start":{"line":1957,"column":8},"end":{"line":2029,"column":10}},"356":{"start":{"line":1961,"column":12},"end":{"line":2028,"column":14}},"357":{"start":{"line":2001,"column":34},"end":{"line":2001,"column":52}},"358":{"start":{"line":2015,"column":32},"end":{"line":2015,"column":60}},"359":{"start":{"line":2020,"column":34},"end":{"line":2020,"column":52}},"360":{"start":{"line":2025,"column":70},"end":{"line":2025,"column":73}},"361":{"start":{"line":2031,"column":4},"end":{"line":2031,"column":54}}},"fnMap":{"0":{"name":"_to_string_Alert_status","decl":{"start":{"line":40,"column":16},"end":{"line":40,"column":39}},"loc":{"start":{"line":40,"column":70},"end":{"line":48,"column":1}},"line":40},"1":{"name":"_from_string_Alert_status","decl":{"start":{"line":49,"column":16},"end":{"line":49,"column":41}},"loc":{"start":{"line":49,"column":82},"end":{"line":58,"column":1}},"line":49},"2":{"name":"_decode_Alert_status","decl":{"start":{"line":75,"column":16},"end":{"line":75,"column":36}},"loc":{"start":{"line":75,"column":59},"end":{"line":80,"column":1}},"line":75},"3":{"name":"_encode_Alert_status","decl":{"start":{"line":81,"column":16},"end":{"line":81,"column":36}},"loc":{"start":{"line":84,"column":2},"end":{"line":89,"column":1}},"line":84},"4":{"name":"_to_string_Alert_msgType","decl":{"start":{"line":98,"column":16},"end":{"line":98,"column":40}},"loc":{"start":{"line":98,"column":72},"end":{"line":106,"column":1}},"line":98},"5":{"name":"_from_string_Alert_msgType","decl":{"start":{"line":107,"column":16},"end":{"line":107,"column":42}},"loc":{"start":{"line":107,"column":84},"end":{"line":116,"column":1}},"line":107},"6":{"name":"_decode_Alert_msgType","decl":{"start":{"line":133,"column":16},"end":{"line":133,"column":37}},"loc":{"start":{"line":133,"column":60},"end":{"line":138,"column":1}},"line":133},"7":{"name":"_encode_Alert_msgType","decl":{"start":{"line":139,"column":16},"end":{"line":139,"column":37}},"loc":{"start":{"line":142,"column":2},"end":{"line":147,"column":1}},"line":142},"8":{"name":"_to_string_Alert_scope","decl":{"start":{"line":154,"column":16},"end":{"line":154,"column":38}},"loc":{"start":{"line":154,"column":68},"end":{"line":160,"column":1}},"line":154},"9":{"name":"_from_string_Alert_scope","decl":{"start":{"line":161,"column":16},"end":{"line":161,"column":40}},"loc":{"start":{"line":161,"column":80},"end":{"line":168,"column":1}},"line":161},"10":{"name":"_decode_Alert_scope","decl":{"start":{"line":181,"column":16},"end":{"line":181,"column":35}},"loc":{"start":{"line":181,"column":58},"end":{"line":186,"column":1}},"line":181},"11":{"name":"_encode_Alert_scope","decl":{"start":{"line":187,"column":16},"end":{"line":187,"column":35}},"loc":{"start":{"line":190,"column":2},"end":{"line":195,"column":1}},"line":190},"12":{"name":"_to_string_Alert_info_list_info_category_list_category","decl":{"start":{"line":211,"column":16},"end":{"line":211,"column":70}},"loc":{"start":{"line":211,"column":132},"end":{"line":226,"column":1}},"line":211},"13":{"name":"_from_string_Alert_info_list_info_category_list_category","decl":{"start":{"line":227,"column":16},"end":{"line":227,"column":72}},"loc":{"start":{"line":227,"column":144},"end":{"line":243,"column":1}},"line":227},"14":{"name":"_decode_Alert_info_list_info_category_list_category","decl":{"start":{"line":274,"column":16},"end":{"line":274,"column":67}},"loc":{"start":{"line":276,"column":2},"end":{"line":282,"column":1}},"line":276},"15":{"name":"_encode_Alert_info_list_info_category_list_category","decl":{"start":{"line":283,"column":16},"end":{"line":283,"column":67}},"loc":{"start":{"line":286,"column":2},"end":{"line":295,"column":1}},"line":286},"16":{"name":"_to_string_Alert_info_list_info_responseType_list_responseType","decl":{"start":{"line":308,"column":16},"end":{"line":308,"column":78}},"loc":{"start":{"line":308,"column":148},"end":{"line":320,"column":1}},"line":308},"17":{"name":"_from_string_Alert_info_list_info_responseType_list_responseType","decl":{"start":{"line":321,"column":16},"end":{"line":321,"column":80}},"loc":{"start":{"line":321,"column":160},"end":{"line":334,"column":1}},"line":321},"18":{"name":"_decode_Alert_info_list_info_responseType_list_responseType","decl":{"start":{"line":359,"column":16},"end":{"line":359,"column":75}},"loc":{"start":{"line":361,"column":2},"end":{"line":371,"column":1}},"line":361},"19":{"name":"_encode_Alert_info_list_info_responseType_list_responseType","decl":{"start":{"line":372,"column":16},"end":{"line":372,"column":75}},"loc":{"start":{"line":377,"column":2},"end":{"line":388,"column":1}},"line":377},"20":{"name":"_to_string_Alert_info_list_info_urgency","decl":{"start":{"line":397,"column":16},"end":{"line":397,"column":55}},"loc":{"start":{"line":397,"column":102},"end":{"line":405,"column":1}},"line":397},"21":{"name":"_from_string_Alert_info_list_info_urgency","decl":{"start":{"line":406,"column":16},"end":{"line":406,"column":57}},"loc":{"start":{"line":406,"column":114},"end":{"line":415,"column":1}},"line":406},"22":{"name":"_decode_Alert_info_list_info_urgency","decl":{"start":{"line":432,"column":16},"end":{"line":432,"column":52}},"loc":{"start":{"line":432,"column":75},"end":{"line":438,"column":1}},"line":432},"23":{"name":"_encode_Alert_info_list_info_urgency","decl":{"start":{"line":439,"column":16},"end":{"line":439,"column":52}},"loc":{"start":{"line":442,"column":2},"end":{"line":448,"column":1}},"line":442},"24":{"name":"_to_string_Alert_info_list_info_severity","decl":{"start":{"line":457,"column":16},"end":{"line":457,"column":56}},"loc":{"start":{"line":457,"column":104},"end":{"line":465,"column":1}},"line":457},"25":{"name":"_from_string_Alert_info_list_info_severity","decl":{"start":{"line":466,"column":16},"end":{"line":466,"column":58}},"loc":{"start":{"line":466,"column":116},"end":{"line":475,"column":1}},"line":466},"26":{"name":"_decode_Alert_info_list_info_severity","decl":{"start":{"line":492,"column":16},"end":{"line":492,"column":53}},"loc":{"start":{"line":492,"column":76},"end":{"line":498,"column":1}},"line":492},"27":{"name":"_encode_Alert_info_list_info_severity","decl":{"start":{"line":499,"column":16},"end":{"line":499,"column":53}},"loc":{"start":{"line":502,"column":2},"end":{"line":508,"column":1}},"line":502},"28":{"name":"_to_string_Alert_info_list_info_certainty","decl":{"start":{"line":517,"column":16},"end":{"line":517,"column":57}},"loc":{"start":{"line":517,"column":106},"end":{"line":525,"column":1}},"line":517},"29":{"name":"_from_string_Alert_info_list_info_certainty","decl":{"start":{"line":526,"column":16},"end":{"line":526,"column":59}},"loc":{"start":{"line":526,"column":118},"end":{"line":536,"column":1}},"line":526},"30":{"name":"_decode_Alert_info_list_info_certainty","decl":{"start":{"line":553,"column":16},"end":{"line":553,"column":54}},"loc":{"start":{"line":553,"column":77},"end":{"line":559,"column":1}},"line":553},"31":{"name":"_encode_Alert_info_list_info_certainty","decl":{"start":{"line":560,"column":16},"end":{"line":560,"column":54}},"loc":{"start":{"line":563,"column":2},"end":{"line":569,"column":1}},"line":563},"32":{"name":"_decode_ValueName","decl":{"start":{"line":574,"column":16},"end":{"line":574,"column":33}},"loc":{"start":{"line":574,"column":56},"end":{"line":579,"column":1}},"line":574},"33":{"name":"_encode_ValueName","decl":{"start":{"line":580,"column":16},"end":{"line":580,"column":33}},"loc":{"start":{"line":583,"column":2},"end":{"line":588,"column":1}},"line":583},"34":{"name":"_decode_Value","decl":{"start":{"line":593,"column":16},"end":{"line":593,"column":29}},"loc":{"start":{"line":593,"column":52},"end":{"line":598,"column":1}},"line":593},"35":{"name":"_encode_Value","decl":{"start":{"line":599,"column":16},"end":{"line":599,"column":29}},"loc":{"start":{"line":602,"column":2},"end":{"line":607,"column":1}},"line":602},"36":{"name":"(anonymous_36)","decl":{"start":{"line":610,"column":4},"end":{"line":610,"column":5}},"loc":{"start":{"line":610,"column":70},"end":{"line":610,"column":72}},"line":610},"37":{"name":"_decode_Alert_info_list_info_eventCode_list_eventCode","decl":{"start":{"line":636,"column":16},"end":{"line":636,"column":69}},"loc":{"start":{"line":638,"column":2},"end":{"line":668,"column":1}},"line":638},"38":{"name":"(anonymous_38)","decl":{"start":{"line":640,"column":76},"end":{"line":640,"column":77}},"loc":{"start":{"line":642,"column":57},"end":{"line":663,"column":9}},"line":642},"39":{"name":"_encode_Alert_info_list_info_eventCode_list_eventCode","decl":{"start":{"line":669,"column":16},"end":{"line":669,"column":69}},"loc":{"start":{"line":672,"column":2},"end":{"line":703,"column":1}},"line":672},"40":{"name":"(anonymous_40)","decl":{"start":{"line":674,"column":76},"end":{"line":674,"column":77}},"loc":{"start":{"line":679,"column":28},"end":{"line":697,"column":9}},"line":679},"41":{"name":"(anonymous_41)","decl":{"start":{"line":693,"column":24},"end":{"line":693,"column":25}},"loc":{"start":{"line":693,"column":70},"end":{"line":693,"column":73}},"line":693},"42":{"name":"(anonymous_42)","decl":{"start":{"line":706,"column":4},"end":{"line":706,"column":5}},"loc":{"start":{"line":706,"column":70},"end":{"line":706,"column":72}},"line":706},"43":{"name":"_decode_Alert_info_list_info_parameter_list_parameter","decl":{"start":{"line":732,"column":16},"end":{"line":732,"column":69}},"loc":{"start":{"line":734,"column":2},"end":{"line":764,"column":1}},"line":734},"44":{"name":"(anonymous_44)","decl":{"start":{"line":736,"column":76},"end":{"line":736,"column":77}},"loc":{"start":{"line":738,"column":57},"end":{"line":759,"column":9}},"line":738},"45":{"name":"_encode_Alert_info_list_info_parameter_list_parameter","decl":{"start":{"line":765,"column":16},"end":{"line":765,"column":69}},"loc":{"start":{"line":768,"column":2},"end":{"line":799,"column":1}},"line":768},"46":{"name":"(anonymous_46)","decl":{"start":{"line":770,"column":76},"end":{"line":770,"column":77}},"loc":{"start":{"line":775,"column":28},"end":{"line":793,"column":9}},"line":775},"47":{"name":"(anonymous_47)","decl":{"start":{"line":789,"column":24},"end":{"line":789,"column":25}},"loc":{"start":{"line":789,"column":70},"end":{"line":789,"column":73}},"line":789},"48":{"name":"(anonymous_48)","decl":{"start":{"line":802,"column":4},"end":{"line":802,"column":5}},"loc":{"start":{"line":809,"column":6},"end":{"line":809,"column":8}},"line":809},"49":{"name":"_decode_Alert_info_list_info_resource_list_resource","decl":{"start":{"line":863,"column":16},"end":{"line":863,"column":67}},"loc":{"start":{"line":865,"column":2},"end":{"line":919,"column":1}},"line":865},"50":{"name":"(anonymous_50)","decl":{"start":{"line":867,"column":74},"end":{"line":867,"column":75}},"loc":{"start":{"line":869,"column":55},"end":{"line":916,"column":9}},"line":869},"51":{"name":"(anonymous_51)","decl":{"start":{"line":880,"column":30},"end":{"line":880,"column":31}},"loc":{"start":{"line":880,"column":63},"end":{"line":882,"column":17}},"line":880},"52":{"name":"(anonymous_52)","decl":{"start":{"line":883,"column":26},"end":{"line":883,"column":27}},"loc":{"start":{"line":883,"column":59},"end":{"line":885,"column":17}},"line":883},"53":{"name":"(anonymous_53)","decl":{"start":{"line":886,"column":22},"end":{"line":886,"column":23}},"loc":{"start":{"line":886,"column":55},"end":{"line":888,"column":17}},"line":886},"54":{"name":"(anonymous_54)","decl":{"start":{"line":889,"column":21},"end":{"line":889,"column":22}},"loc":{"start":{"line":889,"column":54},"end":{"line":891,"column":17}},"line":889},"55":{"name":"(anonymous_55)","decl":{"start":{"line":892,"column":26},"end":{"line":892,"column":27}},"loc":{"start":{"line":892,"column":59},"end":{"line":894,"column":17}},"line":892},"56":{"name":"(anonymous_56)","decl":{"start":{"line":895,"column":24},"end":{"line":895,"column":25}},"loc":{"start":{"line":895,"column":57},"end":{"line":897,"column":17}},"line":895},"57":{"name":"_encode_Alert_info_list_info_resource_list_resource","decl":{"start":{"line":920,"column":16},"end":{"line":920,"column":67}},"loc":{"start":{"line":923,"column":2},"end":{"line":966,"column":1}},"line":923},"58":{"name":"(anonymous_58)","decl":{"start":{"line":925,"column":74},"end":{"line":925,"column":75}},"loc":{"start":{"line":930,"column":28},"end":{"line":960,"column":9}},"line":930},"59":{"name":"(anonymous_59)","decl":{"start":{"line":956,"column":24},"end":{"line":956,"column":25}},"loc":{"start":{"line":956,"column":70},"end":{"line":956,"column":73}},"line":956},"60":{"name":"(anonymous_60)","decl":{"start":{"line":969,"column":4},"end":{"line":969,"column":5}},"loc":{"start":{"line":969,"column":70},"end":{"line":969,"column":72}},"line":969},"61":{"name":"_decode_Alert_info_list_info_area_list_area_geocode_list_geocode","decl":{"start":{"line":995,"column":16},"end":{"line":995,"column":80}},"loc":{"start":{"line":997,"column":2},"end":{"line":1029,"column":1}},"line":997},"62":{"name":"(anonymous_62)","decl":{"start":{"line":1001,"column":87},"end":{"line":1001,"column":88}},"loc":{"start":{"line":1003,"column":68},"end":{"line":1024,"column":9}},"line":1003},"63":{"name":"_encode_Alert_info_list_info_area_list_area_geocode_list_geocode","decl":{"start":{"line":1030,"column":16},"end":{"line":1030,"column":80}},"loc":{"start":{"line":1035,"column":2},"end":{"line":1068,"column":1}},"line":1035},"64":{"name":"(anonymous_64)","decl":{"start":{"line":1039,"column":87},"end":{"line":1039,"column":88}},"loc":{"start":{"line":1044,"column":28},"end":{"line":1062,"column":9}},"line":1044},"65":{"name":"(anonymous_65)","decl":{"start":{"line":1058,"column":24},"end":{"line":1058,"column":25}},"loc":{"start":{"line":1058,"column":70},"end":{"line":1058,"column":73}},"line":1058},"66":{"name":"(anonymous_66)","decl":{"start":{"line":1071,"column":4},"end":{"line":1071,"column":5}},"loc":{"start":{"line":1078,"column":6},"end":{"line":1078,"column":8}},"line":1078},"67":{"name":"_decode_Alert_info_list_info_area_list_area","decl":{"start":{"line":1132,"column":16},"end":{"line":1132,"column":59}},"loc":{"start":{"line":1134,"column":2},"end":{"line":1197,"column":1}},"line":1134},"68":{"name":"(anonymous_68)","decl":{"start":{"line":1136,"column":66},"end":{"line":1136,"column":67}},"loc":{"start":{"line":1138,"column":47},"end":{"line":1194,"column":9}},"line":1138},"69":{"name":"(anonymous_69)","decl":{"start":{"line":1149,"column":26},"end":{"line":1149,"column":27}},"loc":{"start":{"line":1149,"column":59},"end":{"line":1151,"column":17}},"line":1149},"70":{"name":"(anonymous_70)","decl":{"start":{"line":1152,"column":32},"end":{"line":1152,"column":33}},"loc":{"start":{"line":1152,"column":65},"end":{"line":1156,"column":17}},"line":1152},"71":{"name":"(anonymous_71)","decl":{"start":{"line":1154,"column":24},"end":{"line":1154,"column":25}},"loc":{"start":{"line":1154,"column":30},"end":{"line":1154,"column":48}},"line":1154},"72":{"name":"(anonymous_72)","decl":{"start":{"line":1157,"column":31},"end":{"line":1157,"column":32}},"loc":{"start":{"line":1157,"column":64},"end":{"line":1161,"column":17}},"line":1157},"73":{"name":"(anonymous_73)","decl":{"start":{"line":1159,"column":24},"end":{"line":1159,"column":25}},"loc":{"start":{"line":1159,"column":30},"end":{"line":1159,"column":48}},"line":1159},"74":{"name":"(anonymous_74)","decl":{"start":{"line":1162,"column":32},"end":{"line":1162,"column":33}},"loc":{"start":{"line":1162,"column":65},"end":{"line":1169,"column":17}},"line":1162},"75":{"name":"(anonymous_75)","decl":{"start":{"line":1166,"column":24},"end":{"line":1166,"column":25}},"loc":{"start":{"line":1167,"column":28},"end":{"line":1167,"column":92}},"line":1167},"76":{"name":"(anonymous_76)","decl":{"start":{"line":1170,"column":26},"end":{"line":1170,"column":27}},"loc":{"start":{"line":1170,"column":59},"end":{"line":1172,"column":17}},"line":1170},"77":{"name":"(anonymous_77)","decl":{"start":{"line":1173,"column":25},"end":{"line":1173,"column":26}},"loc":{"start":{"line":1173,"column":58},"end":{"line":1175,"column":17}},"line":1173},"78":{"name":"_encode_Alert_info_list_info_area_list_area","decl":{"start":{"line":1198,"column":16},"end":{"line":1198,"column":59}},"loc":{"start":{"line":1201,"column":2},"end":{"line":1247,"column":1}},"line":1201},"79":{"name":"(anonymous_79)","decl":{"start":{"line":1203,"column":66},"end":{"line":1203,"column":67}},"loc":{"start":{"line":1206,"column":28},"end":{"line":1241,"column":9}},"line":1206},"80":{"name":"(anonymous_80)","decl":{"start":{"line":1215,"column":28},"end":{"line":1215,"column":29}},"loc":{"start":{"line":1215,"column":34},"end":{"line":1215,"column":52}},"line":1215},"81":{"name":"(anonymous_81)","decl":{"start":{"line":1219,"column":28},"end":{"line":1219,"column":29}},"loc":{"start":{"line":1219,"column":34},"end":{"line":1219,"column":52}},"line":1219},"82":{"name":"(anonymous_82)","decl":{"start":{"line":1225,"column":28},"end":{"line":1225,"column":29}},"loc":{"start":{"line":1226,"column":32},"end":{"line":1226,"column":96}},"line":1226},"83":{"name":"(anonymous_83)","decl":{"start":{"line":1237,"column":24},"end":{"line":1237,"column":25}},"loc":{"start":{"line":1237,"column":70},"end":{"line":1237,"column":73}},"line":1237},"84":{"name":"(anonymous_84)","decl":{"start":{"line":1250,"column":4},"end":{"line":1250,"column":5}},"loc":{"start":{"line":1272,"column":6},"end":{"line":1272,"column":8}},"line":1272},"85":{"name":"_decode_Alert_info_list_info","decl":{"start":{"line":1431,"column":16},"end":{"line":1431,"column":44}},"loc":{"start":{"line":1431,"column":67},"end":{"line":1587,"column":1}},"line":1431},"86":{"name":"(anonymous_86)","decl":{"start":{"line":1433,"column":51},"end":{"line":1433,"column":52}},"loc":{"start":{"line":1435,"column":32},"end":{"line":1584,"column":9}},"line":1435},"87":{"name":"(anonymous_87)","decl":{"start":{"line":1461,"column":26},"end":{"line":1461,"column":27}},"loc":{"start":{"line":1461,"column":59},"end":{"line":1463,"column":17}},"line":1461},"88":{"name":"(anonymous_88)","decl":{"start":{"line":1464,"column":33},"end":{"line":1464,"column":34}},"loc":{"start":{"line":1464,"column":66},"end":{"line":1471,"column":17}},"line":1464},"89":{"name":"(anonymous_89)","decl":{"start":{"line":1468,"column":24},"end":{"line":1468,"column":25}},"loc":{"start":{"line":1469,"column":28},"end":{"line":1469,"column":79}},"line":1469},"90":{"name":"(anonymous_90)","decl":{"start":{"line":1472,"column":23},"end":{"line":1472,"column":24}},"loc":{"start":{"line":1472,"column":56},"end":{"line":1474,"column":17}},"line":1472},"91":{"name":"(anonymous_91)","decl":{"start":{"line":1475,"column":37},"end":{"line":1475,"column":38}},"loc":{"start":{"line":1475,"column":70},"end":{"line":1482,"column":17}},"line":1475},"92":{"name":"(anonymous_92)","decl":{"start":{"line":1479,"column":24},"end":{"line":1479,"column":25}},"loc":{"start":{"line":1480,"column":28},"end":{"line":1480,"column":87}},"line":1480},"93":{"name":"(anonymous_93)","decl":{"start":{"line":1483,"column":25},"end":{"line":1483,"column":26}},"loc":{"start":{"line":1483,"column":58},"end":{"line":1485,"column":17}},"line":1483},"94":{"name":"(anonymous_94)","decl":{"start":{"line":1486,"column":26},"end":{"line":1486,"column":27}},"loc":{"start":{"line":1486,"column":59},"end":{"line":1488,"column":17}},"line":1486},"95":{"name":"(anonymous_95)","decl":{"start":{"line":1489,"column":27},"end":{"line":1489,"column":28}},"loc":{"start":{"line":1489,"column":60},"end":{"line":1491,"column":17}},"line":1489},"96":{"name":"(anonymous_96)","decl":{"start":{"line":1492,"column":26},"end":{"line":1492,"column":27}},"loc":{"start":{"line":1492,"column":59},"end":{"line":1494,"column":17}},"line":1492},"97":{"name":"(anonymous_97)","decl":{"start":{"line":1495,"column":34},"end":{"line":1495,"column":35}},"loc":{"start":{"line":1495,"column":67},"end":{"line":1502,"column":17}},"line":1495},"98":{"name":"(anonymous_98)","decl":{"start":{"line":1499,"column":24},"end":{"line":1499,"column":25}},"loc":{"start":{"line":1500,"column":28},"end":{"line":1500,"column":81}},"line":1500},"99":{"name":"(anonymous_99)","decl":{"start":{"line":1503,"column":27},"end":{"line":1503,"column":28}},"loc":{"start":{"line":1503,"column":60},"end":{"line":1505,"column":17}},"line":1503},"100":{"name":"(anonymous_100)","decl":{"start":{"line":1506,"column":23},"end":{"line":1506,"column":24}},"loc":{"start":{"line":1506,"column":56},"end":{"line":1508,"column":17}},"line":1506},"101":{"name":"(anonymous_101)","decl":{"start":{"line":1509,"column":25},"end":{"line":1509,"column":26}},"loc":{"start":{"line":1509,"column":58},"end":{"line":1511,"column":17}},"line":1509},"102":{"name":"(anonymous_102)","decl":{"start":{"line":1512,"column":28},"end":{"line":1512,"column":29}},"loc":{"start":{"line":1512,"column":61},"end":{"line":1514,"column":17}},"line":1512},"103":{"name":"(anonymous_103)","decl":{"start":{"line":1515,"column":26},"end":{"line":1515,"column":27}},"loc":{"start":{"line":1515,"column":59},"end":{"line":1517,"column":17}},"line":1515},"104":{"name":"(anonymous_104)","decl":{"start":{"line":1518,"column":29},"end":{"line":1518,"column":30}},"loc":{"start":{"line":1518,"column":62},"end":{"line":1520,"column":17}},"line":1518},"105":{"name":"(anonymous_105)","decl":{"start":{"line":1521,"column":29},"end":{"line":1521,"column":30}},"loc":{"start":{"line":1521,"column":62},"end":{"line":1523,"column":17}},"line":1521},"106":{"name":"(anonymous_106)","decl":{"start":{"line":1524,"column":21},"end":{"line":1524,"column":22}},"loc":{"start":{"line":1524,"column":54},"end":{"line":1526,"column":17}},"line":1524},"107":{"name":"(anonymous_107)","decl":{"start":{"line":1527,"column":25},"end":{"line":1527,"column":26}},"loc":{"start":{"line":1527,"column":58},"end":{"line":1529,"column":17}},"line":1527},"108":{"name":"(anonymous_108)","decl":{"start":{"line":1530,"column":34},"end":{"line":1530,"column":35}},"loc":{"start":{"line":1530,"column":67},"end":{"line":1537,"column":17}},"line":1530},"109":{"name":"(anonymous_109)","decl":{"start":{"line":1534,"column":24},"end":{"line":1534,"column":25}},"loc":{"start":{"line":1535,"column":28},"end":{"line":1535,"column":81}},"line":1535},"110":{"name":"(anonymous_110)","decl":{"start":{"line":1538,"column":33},"end":{"line":1538,"column":34}},"loc":{"start":{"line":1538,"column":66},"end":{"line":1545,"column":17}},"line":1538},"111":{"name":"(anonymous_111)","decl":{"start":{"line":1542,"column":24},"end":{"line":1542,"column":25}},"loc":{"start":{"line":1543,"column":28},"end":{"line":1543,"column":79}},"line":1543},"112":{"name":"(anonymous_112)","decl":{"start":{"line":1546,"column":29},"end":{"line":1546,"column":30}},"loc":{"start":{"line":1546,"column":62},"end":{"line":1550,"column":17}},"line":1546},"113":{"name":"(anonymous_113)","decl":{"start":{"line":1549,"column":22},"end":{"line":1549,"column":23}},"loc":{"start":{"line":1549,"column":28},"end":{"line":1549,"column":71}},"line":1549},"114":{"name":"_encode_Alert_info_list_info","decl":{"start":{"line":1588,"column":16},"end":{"line":1588,"column":44}},"loc":{"start":{"line":1591,"column":2},"end":{"line":1708,"column":1}},"line":1591},"115":{"name":"(anonymous_115)","decl":{"start":{"line":1593,"column":51},"end":{"line":1593,"column":52}},"loc":{"start":{"line":1596,"column":28},"end":{"line":1705,"column":9}},"line":1596},"116":{"name":"(anonymous_116)","decl":{"start":{"line":1606,"column":28},"end":{"line":1606,"column":29}},"loc":{"start":{"line":1607,"column":32},"end":{"line":1607,"column":83}},"line":1607},"117":{"name":"(anonymous_117)","decl":{"start":{"line":1617,"column":28},"end":{"line":1617,"column":29}},"loc":{"start":{"line":1618,"column":32},"end":{"line":1618,"column":91}},"line":1618},"118":{"name":"(anonymous_118)","decl":{"start":{"line":1639,"column":28},"end":{"line":1639,"column":29}},"loc":{"start":{"line":1640,"column":32},"end":{"line":1640,"column":85}},"line":1640},"119":{"name":"(anonymous_119)","decl":{"start":{"line":1682,"column":28},"end":{"line":1682,"column":29}},"loc":{"start":{"line":1683,"column":32},"end":{"line":1683,"column":85}},"line":1683},"120":{"name":"(anonymous_120)","decl":{"start":{"line":1689,"column":28},"end":{"line":1689,"column":29}},"loc":{"start":{"line":1690,"column":32},"end":{"line":1690,"column":83}},"line":1690},"121":{"name":"(anonymous_121)","decl":{"start":{"line":1696,"column":28},"end":{"line":1696,"column":29}},"loc":{"start":{"line":1696,"column":34},"end":{"line":1696,"column":77}},"line":1696},"122":{"name":"(anonymous_122)","decl":{"start":{"line":1701,"column":24},"end":{"line":1701,"column":25}},"loc":{"start":{"line":1701,"column":70},"end":{"line":1701,"column":73}},"line":1701},"123":{"name":"(anonymous_123)","decl":{"start":{"line":1711,"column":4},"end":{"line":1711,"column":5}},"loc":{"start":{"line":1727,"column":6},"end":{"line":1727,"column":8}},"line":1727},"124":{"name":"(anonymous_124)","decl":{"start":{"line":1729,"column":4},"end":{"line":1729,"column":5}},"loc":{"start":{"line":1729,"column":28},"end":{"line":1731,"column":5}},"line":1729},"125":{"name":"(anonymous_125)","decl":{"start":{"line":1733,"column":4},"end":{"line":1733,"column":5}},"loc":{"start":{"line":1733,"column":47},"end":{"line":1735,"column":5}},"line":1733},"126":{"name":"_decode_Alert","decl":{"start":{"line":1848,"column":16},"end":{"line":1848,"column":29}},"loc":{"start":{"line":1848,"column":52},"end":{"line":1951,"column":1}},"line":1848},"127":{"name":"(anonymous_127)","decl":{"start":{"line":1850,"column":36},"end":{"line":1850,"column":37}},"loc":{"start":{"line":1850,"column":75},"end":{"line":1948,"column":9}},"line":1850},"128":{"name":"(anonymous_128)","decl":{"start":{"line":1870,"column":28},"end":{"line":1870,"column":29}},"loc":{"start":{"line":1870,"column":61},"end":{"line":1872,"column":17}},"line":1870},"129":{"name":"(anonymous_129)","decl":{"start":{"line":1873,"column":24},"end":{"line":1873,"column":25}},"loc":{"start":{"line":1873,"column":57},"end":{"line":1875,"column":17}},"line":1873},"130":{"name":"(anonymous_130)","decl":{"start":{"line":1876,"column":22},"end":{"line":1876,"column":23}},"loc":{"start":{"line":1876,"column":55},"end":{"line":1878,"column":17}},"line":1876},"131":{"name":"(anonymous_131)","decl":{"start":{"line":1879,"column":24},"end":{"line":1879,"column":25}},"loc":{"start":{"line":1879,"column":57},"end":{"line":1881,"column":17}},"line":1879},"132":{"name":"(anonymous_132)","decl":{"start":{"line":1882,"column":25},"end":{"line":1882,"column":26}},"loc":{"start":{"line":1882,"column":58},"end":{"line":1884,"column":17}},"line":1882},"133":{"name":"(anonymous_133)","decl":{"start":{"line":1885,"column":24},"end":{"line":1885,"column":25}},"loc":{"start":{"line":1885,"column":57},"end":{"line":1887,"column":17}},"line":1885},"134":{"name":"(anonymous_134)","decl":{"start":{"line":1888,"column":23},"end":{"line":1888,"column":24}},"loc":{"start":{"line":1888,"column":56},"end":{"line":1890,"column":17}},"line":1888},"135":{"name":"(anonymous_135)","decl":{"start":{"line":1891,"column":29},"end":{"line":1891,"column":30}},"loc":{"start":{"line":1891,"column":62},"end":{"line":1893,"column":17}},"line":1891},"136":{"name":"(anonymous_136)","decl":{"start":{"line":1894,"column":27},"end":{"line":1894,"column":28}},"loc":{"start":{"line":1894,"column":60},"end":{"line":1896,"column":17}},"line":1894},"137":{"name":"(anonymous_137)","decl":{"start":{"line":1897,"column":29},"end":{"line":1897,"column":30}},"loc":{"start":{"line":1897,"column":62},"end":{"line":1901,"column":17}},"line":1897},"138":{"name":"(anonymous_138)","decl":{"start":{"line":1899,"column":24},"end":{"line":1899,"column":25}},"loc":{"start":{"line":1899,"column":30},"end":{"line":1899,"column":48}},"line":1899},"139":{"name":"(anonymous_139)","decl":{"start":{"line":1902,"column":22},"end":{"line":1902,"column":23}},"loc":{"start":{"line":1902,"column":55},"end":{"line":1904,"column":17}},"line":1902},"140":{"name":"(anonymous_140)","decl":{"start":{"line":1905,"column":28},"end":{"line":1905,"column":29}},"loc":{"start":{"line":1905,"column":61},"end":{"line":1907,"column":17}},"line":1905},"141":{"name":"(anonymous_141)","decl":{"start":{"line":1908,"column":27},"end":{"line":1908,"column":28}},"loc":{"start":{"line":1908,"column":60},"end":{"line":1910,"column":17}},"line":1908},"142":{"name":"(anonymous_142)","decl":{"start":{"line":1911,"column":29},"end":{"line":1911,"column":30}},"loc":{"start":{"line":1911,"column":62},"end":{"line":1915,"column":17}},"line":1911},"143":{"name":"(anonymous_143)","decl":{"start":{"line":1913,"column":24},"end":{"line":1913,"column":25}},"loc":{"start":{"line":1913,"column":30},"end":{"line":1913,"column":58}},"line":1913},"144":{"name":"(anonymous_144)","decl":{"start":{"line":1916,"column":29},"end":{"line":1916,"column":30}},"loc":{"start":{"line":1916,"column":62},"end":{"line":1920,"column":17}},"line":1916},"145":{"name":"(anonymous_145)","decl":{"start":{"line":1918,"column":24},"end":{"line":1918,"column":25}},"loc":{"start":{"line":1918,"column":30},"end":{"line":1918,"column":48}},"line":1918},"146":{"name":"_encode_Alert","decl":{"start":{"line":1952,"column":16},"end":{"line":1952,"column":29}},"loc":{"start":{"line":1955,"column":2},"end":{"line":2032,"column":1}},"line":1955},"147":{"name":"(anonymous_147)","decl":{"start":{"line":1957,"column":36},"end":{"line":1957,"column":37}},"loc":{"start":{"line":1960,"column":28},"end":{"line":2029,"column":9}},"line":1960},"148":{"name":"(anonymous_148)","decl":{"start":{"line":2001,"column":28},"end":{"line":2001,"column":29}},"loc":{"start":{"line":2001,"column":34},"end":{"line":2001,"column":52}},"line":2001},"149":{"name":"(anonymous_149)","decl":{"start":{"line":2015,"column":26},"end":{"line":2015,"column":27}},"loc":{"start":{"line":2015,"column":32},"end":{"line":2015,"column":60}},"line":2015},"150":{"name":"(anonymous_150)","decl":{"start":{"line":2020,"column":28},"end":{"line":2020,"column":29}},"loc":{"start":{"line":2020,"column":34},"end":{"line":2020,"column":52}},"line":2020},"151":{"name":"(anonymous_151)","decl":{"start":{"line":2025,"column":24},"end":{"line":2025,"column":25}},"loc":{"start":{"line":2025,"column":70},"end":{"line":2025,"column":73}},"line":2025}},"branchMap":{"0":{"loc":{"start":{"line":50,"column":4},"end":{"line":50,"column":31}},"type":"if","locations":[{"start":{"line":50,"column":4},"end":{"line":50,"column":31}},{"start":{},"end":{}}],"line":50},"1":{"loc":{"start":{"line":76,"column":4},"end":{"line":78,"column":5}},"type":"if","locations":[{"start":{"line":76,"column":4},"end":{"line":78,"column":5}},{"start":{},"end":{}}],"line":76},"2":{"loc":{"start":{"line":85,"column":4},"end":{"line":87,"column":5}},"type":"if","locations":[{"start":{"line":85,"column":4},"end":{"line":87,"column":5}},{"start":{},"end":{}}],"line":85},"3":{"loc":{"start":{"line":108,"column":4},"end":{"line":108,"column":31}},"type":"if","locations":[{"start":{"line":108,"column":4},"end":{"line":108,"column":31}},{"start":{},"end":{}}],"line":108},"4":{"loc":{"start":{"line":134,"column":4},"end":{"line":136,"column":5}},"type":"if","locations":[{"start":{"line":134,"column":4},"end":{"line":136,"column":5}},{"start":{},"end":{}}],"line":134},"5":{"loc":{"start":{"line":143,"column":4},"end":{"line":145,"column":5}},"type":"if","locations":[{"start":{"line":143,"column":4},"end":{"line":145,"column":5}},{"start":{},"end":{}}],"line":143},"6":{"loc":{"start":{"line":162,"column":4},"end":{"line":162,"column":31}},"type":"if","locations":[{"start":{"line":162,"column":4},"end":{"line":162,"column":31}},{"start":{},"end":{}}],"line":162},"7":{"loc":{"start":{"line":182,"column":4},"end":{"line":184,"column":5}},"type":"if","locations":[{"start":{"line":182,"column":4},"end":{"line":184,"column":5}},{"start":{},"end":{}}],"line":182},"8":{"loc":{"start":{"line":191,"column":4},"end":{"line":193,"column":5}},"type":"if","locations":[{"start":{"line":191,"column":4},"end":{"line":193,"column":5}},{"start":{},"end":{}}],"line":191},"9":{"loc":{"start":{"line":228,"column":4},"end":{"line":228,"column":31}},"type":"if","locations":[{"start":{"line":228,"column":4},"end":{"line":228,"column":31}},{"start":{},"end":{}}],"line":228},"10":{"loc":{"start":{"line":277,"column":4},"end":{"line":280,"column":5}},"type":"if","locations":[{"start":{"line":277,"column":4},"end":{"line":280,"column":5}},{"start":{},"end":{}}],"line":277},"11":{"loc":{"start":{"line":287,"column":4},"end":{"line":290,"column":5}},"type":"if","locations":[{"start":{"line":287,"column":4},"end":{"line":290,"column":5}},{"start":{},"end":{}}],"line":287},"12":{"loc":{"start":{"line":322,"column":4},"end":{"line":322,"column":31}},"type":"if","locations":[{"start":{"line":322,"column":4},"end":{"line":322,"column":31}},{"start":{},"end":{}}],"line":322},"13":{"loc":{"start":{"line":362,"column":4},"end":{"line":367,"column":5}},"type":"if","locations":[{"start":{"line":362,"column":4},"end":{"line":367,"column":5}},{"start":{},"end":{}}],"line":362},"14":{"loc":{"start":{"line":378,"column":4},"end":{"line":383,"column":5}},"type":"if","locations":[{"start":{"line":378,"column":4},"end":{"line":383,"column":5}},{"start":{},"end":{}}],"line":378},"15":{"loc":{"start":{"line":407,"column":4},"end":{"line":407,"column":31}},"type":"if","locations":[{"start":{"line":407,"column":4},"end":{"line":407,"column":31}},{"start":{},"end":{}}],"line":407},"16":{"loc":{"start":{"line":433,"column":4},"end":{"line":436,"column":5}},"type":"if","locations":[{"start":{"line":433,"column":4},"end":{"line":436,"column":5}},{"start":{},"end":{}}],"line":433},"17":{"loc":{"start":{"line":443,"column":4},"end":{"line":446,"column":5}},"type":"if","locations":[{"start":{"line":443,"column":4},"end":{"line":446,"column":5}},{"start":{},"end":{}}],"line":443},"18":{"loc":{"start":{"line":467,"column":4},"end":{"line":467,"column":31}},"type":"if","locations":[{"start":{"line":467,"column":4},"end":{"line":467,"column":31}},{"start":{},"end":{}}],"line":467},"19":{"loc":{"start":{"line":493,"column":4},"end":{"line":496,"column":5}},"type":"if","locations":[{"start":{"line":493,"column":4},"end":{"line":496,"column":5}},{"start":{},"end":{}}],"line":493},"20":{"loc":{"start":{"line":503,"column":4},"end":{"line":506,"column":5}},"type":"if","locations":[{"start":{"line":503,"column":4},"end":{"line":506,"column":5}},{"start":{},"end":{}}],"line":503},"21":{"loc":{"start":{"line":527,"column":4},"end":{"line":527,"column":31}},"type":"if","locations":[{"start":{"line":527,"column":4},"end":{"line":527,"column":31}},{"start":{},"end":{}}],"line":527},"22":{"loc":{"start":{"line":554,"column":4},"end":{"line":557,"column":5}},"type":"if","locations":[{"start":{"line":554,"column":4},"end":{"line":557,"column":5}},{"start":{},"end":{}}],"line":554},"23":{"loc":{"start":{"line":564,"column":4},"end":{"line":567,"column":5}},"type":"if","locations":[{"start":{"line":564,"column":4},"end":{"line":567,"column":5}},{"start":{},"end":{}}],"line":564},"24":{"loc":{"start":{"line":575,"column":4},"end":{"line":577,"column":5}},"type":"if","locations":[{"start":{"line":575,"column":4},"end":{"line":577,"column":5}},{"start":{},"end":{}}],"line":575},"25":{"loc":{"start":{"line":584,"column":4},"end":{"line":586,"column":5}},"type":"if","locations":[{"start":{"line":584,"column":4},"end":{"line":586,"column":5}},{"start":{},"end":{}}],"line":584},"26":{"loc":{"start":{"line":594,"column":4},"end":{"line":596,"column":5}},"type":"if","locations":[{"start":{"line":594,"column":4},"end":{"line":596,"column":5}},{"start":{},"end":{}}],"line":594},"27":{"loc":{"start":{"line":603,"column":4},"end":{"line":605,"column":5}},"type":"if","locations":[{"start":{"line":603,"column":4},"end":{"line":605,"column":5}},{"start":{},"end":{}}],"line":603},"28":{"loc":{"start":{"line":639,"column":4},"end":{"line":664,"column":5}},"type":"if","locations":[{"start":{"line":639,"column":4},"end":{"line":664,"column":5}},{"start":{},"end":{}}],"line":639},"29":{"loc":{"start":{"line":644,"column":12},"end":{"line":650,"column":13}},"type":"if","locations":[{"start":{"line":644,"column":12},"end":{"line":650,"column":13}},{"start":{},"end":{}}],"line":644},"30":{"loc":{"start":{"line":673,"column":4},"end":{"line":698,"column":5}},"type":"if","locations":[{"start":{"line":673,"column":4},"end":{"line":698,"column":5}},{"start":{},"end":{}}],"line":673},"31":{"loc":{"start":{"line":735,"column":4},"end":{"line":760,"column":5}},"type":"if","locations":[{"start":{"line":735,"column":4},"end":{"line":760,"column":5}},{"start":{},"end":{}}],"line":735},"32":{"loc":{"start":{"line":740,"column":12},"end":{"line":746,"column":13}},"type":"if","locations":[{"start":{"line":740,"column":12},"end":{"line":746,"column":13}},{"start":{},"end":{}}],"line":740},"33":{"loc":{"start":{"line":769,"column":4},"end":{"line":794,"column":5}},"type":"if","locations":[{"start":{"line":769,"column":4},"end":{"line":794,"column":5}},{"start":{},"end":{}}],"line":769},"34":{"loc":{"start":{"line":866,"column":4},"end":{"line":917,"column":5}},"type":"if","locations":[{"start":{"line":866,"column":4},"end":{"line":917,"column":5}},{"start":{},"end":{}}],"line":866},"35":{"loc":{"start":{"line":924,"column":4},"end":{"line":961,"column":5}},"type":"if","locations":[{"start":{"line":924,"column":4},"end":{"line":961,"column":5}},{"start":{},"end":{}}],"line":924},"36":{"loc":{"start":{"line":942,"column":41},"end":{"line":944,"column":77}},"type":"cond-expr","locations":[{"start":{"line":943,"column":30},"end":{"line":943,"column":39}},{"start":{"line":944,"column":30},"end":{"line":944,"column":77}}],"line":942},"37":{"loc":{"start":{"line":945,"column":41},"end":{"line":947,"column":72}},"type":"cond-expr","locations":[{"start":{"line":946,"column":30},"end":{"line":946,"column":39}},{"start":{"line":947,"column":30},"end":{"line":947,"column":72}}],"line":945},"38":{"loc":{"start":{"line":948,"column":41},"end":{"line":950,"column":77}},"type":"cond-expr","locations":[{"start":{"line":949,"column":30},"end":{"line":949,"column":39}},{"start":{"line":950,"column":30},"end":{"line":950,"column":77}}],"line":948},"39":{"loc":{"start":{"line":951,"column":41},"end":{"line":953,"column":75}},"type":"cond-expr","locations":[{"start":{"line":952,"column":30},"end":{"line":952,"column":39}},{"start":{"line":953,"column":30},"end":{"line":953,"column":75}}],"line":951},"40":{"loc":{"start":{"line":998,"column":4},"end":{"line":1025,"column":5}},"type":"if","locations":[{"start":{"line":998,"column":4},"end":{"line":1025,"column":5}},{"start":{},"end":{}}],"line":998},"41":{"loc":{"start":{"line":1005,"column":12},"end":{"line":1011,"column":13}},"type":"if","locations":[{"start":{"line":1005,"column":12},"end":{"line":1011,"column":13}},{"start":{},"end":{}}],"line":1005},"42":{"loc":{"start":{"line":1036,"column":4},"end":{"line":1063,"column":5}},"type":"if","locations":[{"start":{"line":1036,"column":4},"end":{"line":1063,"column":5}},{"start":{},"end":{}}],"line":1036},"43":{"loc":{"start":{"line":1135,"column":4},"end":{"line":1195,"column":5}},"type":"if","locations":[{"start":{"line":1135,"column":4},"end":{"line":1195,"column":5}},{"start":{},"end":{}}],"line":1135},"44":{"loc":{"start":{"line":1202,"column":4},"end":{"line":1242,"column":5}},"type":"if","locations":[{"start":{"line":1202,"column":4},"end":{"line":1242,"column":5}},{"start":{},"end":{}}],"line":1202},"45":{"loc":{"start":{"line":1229,"column":41},"end":{"line":1231,"column":78}},"type":"cond-expr","locations":[{"start":{"line":1230,"column":30},"end":{"line":1230,"column":39}},{"start":{"line":1231,"column":30},"end":{"line":1231,"column":78}}],"line":1229},"46":{"loc":{"start":{"line":1232,"column":41},"end":{"line":1234,"column":77}},"type":"cond-expr","locations":[{"start":{"line":1233,"column":30},"end":{"line":1233,"column":39}},{"start":{"line":1234,"column":30},"end":{"line":1234,"column":77}}],"line":1232},"47":{"loc":{"start":{"line":1432,"column":4},"end":{"line":1585,"column":5}},"type":"if","locations":[{"start":{"line":1432,"column":4},"end":{"line":1585,"column":5}},{"start":{},"end":{}}],"line":1432},"48":{"loc":{"start":{"line":1592,"column":4},"end":{"line":1706,"column":5}},"type":"if","locations":[{"start":{"line":1592,"column":4},"end":{"line":1706,"column":5}},{"start":{},"end":{}}],"line":1592},"49":{"loc":{"start":{"line":1600,"column":41},"end":{"line":1602,"column":79}},"type":"cond-expr","locations":[{"start":{"line":1601,"column":30},"end":{"line":1601,"column":39}},{"start":{"line":1602,"column":30},"end":{"line":1602,"column":79}}],"line":1600},"50":{"loc":{"start":{"line":1633,"column":41},"end":{"line":1635,"column":77}},"type":"cond-expr","locations":[{"start":{"line":1634,"column":30},"end":{"line":1634,"column":39}},{"start":{"line":1635,"column":30},"end":{"line":1635,"column":77}}],"line":1633},"51":{"loc":{"start":{"line":1643,"column":41},"end":{"line":1648,"column":31}},"type":"cond-expr","locations":[{"start":{"line":1644,"column":30},"end":{"line":1644,"column":39}},{"start":{"line":1645,"column":30},"end":{"line":1648,"column":31}}],"line":1643},"52":{"loc":{"start":{"line":1649,"column":41},"end":{"line":1651,"column":76}},"type":"cond-expr","locations":[{"start":{"line":1650,"column":30},"end":{"line":1650,"column":39}},{"start":{"line":1651,"column":30},"end":{"line":1651,"column":76}}],"line":1649},"53":{"loc":{"start":{"line":1652,"column":41},"end":{"line":1654,"column":78}},"type":"cond-expr","locations":[{"start":{"line":1653,"column":30},"end":{"line":1653,"column":39}},{"start":{"line":1654,"column":30},"end":{"line":1654,"column":78}}],"line":1652},"54":{"loc":{"start":{"line":1655,"column":41},"end":{"line":1657,"column":79}},"type":"cond-expr","locations":[{"start":{"line":1656,"column":30},"end":{"line":1656,"column":39}},{"start":{"line":1657,"column":30},"end":{"line":1657,"column":79}}],"line":1655},"55":{"loc":{"start":{"line":1658,"column":41},"end":{"line":1660,"column":77}},"type":"cond-expr","locations":[{"start":{"line":1659,"column":30},"end":{"line":1659,"column":39}},{"start":{"line":1660,"column":30},"end":{"line":1660,"column":77}}],"line":1658},"56":{"loc":{"start":{"line":1661,"column":41},"end":{"line":1666,"column":31}},"type":"cond-expr","locations":[{"start":{"line":1662,"column":30},"end":{"line":1662,"column":39}},{"start":{"line":1663,"column":30},"end":{"line":1666,"column":31}}],"line":1661},"57":{"loc":{"start":{"line":1667,"column":41},"end":{"line":1672,"column":31}},"type":"cond-expr","locations":[{"start":{"line":1668,"column":30},"end":{"line":1668,"column":39}},{"start":{"line":1669,"column":30},"end":{"line":1672,"column":31}}],"line":1667},"58":{"loc":{"start":{"line":1673,"column":41},"end":{"line":1675,"column":72}},"type":"cond-expr","locations":[{"start":{"line":1674,"column":30},"end":{"line":1674,"column":39}},{"start":{"line":1675,"column":30},"end":{"line":1675,"column":72}}],"line":1673},"59":{"loc":{"start":{"line":1676,"column":41},"end":{"line":1678,"column":76}},"type":"cond-expr","locations":[{"start":{"line":1677,"column":30},"end":{"line":1677,"column":39}},{"start":{"line":1678,"column":30},"end":{"line":1678,"column":76}}],"line":1676},"60":{"loc":{"start":{"line":1849,"column":4},"end":{"line":1949,"column":5}},"type":"if","locations":[{"start":{"line":1849,"column":4},"end":{"line":1949,"column":5}},{"start":{},"end":{}}],"line":1849},"61":{"loc":{"start":{"line":1956,"column":4},"end":{"line":2030,"column":5}},"type":"if","locations":[{"start":{"line":1956,"column":4},"end":{"line":2030,"column":5}},{"start":{},"end":{}}],"line":1956},"62":{"loc":{"start":{"line":1984,"column":41},"end":{"line":1986,"column":75}},"type":"cond-expr","locations":[{"start":{"line":1985,"column":30},"end":{"line":1985,"column":39}},{"start":{"line":1986,"column":30},"end":{"line":1986,"column":75}}],"line":1984},"63":{"loc":{"start":{"line":1991,"column":41},"end":{"line":1996,"column":31}},"type":"cond-expr","locations":[{"start":{"line":1992,"column":30},"end":{"line":1992,"column":39}},{"start":{"line":1993,"column":30},"end":{"line":1996,"column":31}}],"line":1991},"64":{"loc":{"start":{"line":1997,"column":41},"end":{"line":1999,"column":78}},"type":"cond-expr","locations":[{"start":{"line":1998,"column":30},"end":{"line":1998,"column":39}},{"start":{"line":1999,"column":30},"end":{"line":1999,"column":78}}],"line":1997},"65":{"loc":{"start":{"line":2004,"column":41},"end":{"line":2006,"column":73}},"type":"cond-expr","locations":[{"start":{"line":2005,"column":30},"end":{"line":2005,"column":39}},{"start":{"line":2006,"column":30},"end":{"line":2006,"column":73}}],"line":2004},"66":{"loc":{"start":{"line":2007,"column":41},"end":{"line":2009,"column":79}},"type":"cond-expr","locations":[{"start":{"line":2008,"column":30},"end":{"line":2008,"column":39}},{"start":{"line":2009,"column":30},"end":{"line":2009,"column":79}}],"line":2007},"67":{"loc":{"start":{"line":2010,"column":41},"end":{"line":2012,"column":78}},"type":"cond-expr","locations":[{"start":{"line":2011,"column":30},"end":{"line":2011,"column":39}},{"start":{"line":2012,"column":30},"end":{"line":2012,"column":78}}],"line":2010}},"s":{"0":0,"1":0,"2":0,"3":0,"4":3,"5":3,"6":3,"7":3,"8":3,"9":3,"10":3,"11":0,"12":0,"13":0,"14":0,"15":0,"16":0,"17":0,"18":0,"19":0,"20":0,"21":3,"22":3,"23":3,"24":3,"25":3,"26":3,"27":3,"28":0,"29":0,"30":0,"31":0,"32":0,"33":0,"34":0,"35":0,"36":0,"37":0,"38":3,"39":3,"40":3,"41":3,"42":3,"43":0,"44":0,"45":0,"46":0,"47":0,"48":0,"49":0,"50":0,"51":0,"52":0,"53":3,"54":3,"55":3,"56":3,"57":3,"58":3,"59":3,"60":3,"61":3,"62":3,"63":3,"64":3,"65":3,"66":3,"67":0,"68":0,"69":0,"70":0,"71":0,"72":0,"73":0,"74":0,"75":0,"76":0,"77":3,"78":3,"79":3,"80":3,"81":3,"82":3,"83":3,"84":3,"85":3,"86":3,"87":3,"88":0,"89":0,"90":0,"91":0,"92":0,"93":0,"94":0,"95":0,"96":0,"97":0,"98":3,"99":3,"100":3,"101":3,"102":3,"103":3,"104":3,"105":0,"106":0,"107":0,"108":0,"109":0,"110":0,"111":0,"112":0,"113":0,"114":0,"115":3,"116":3,"117":3,"118":3,"119":3,"120":3,"121":3,"122":0,"123":0,"124":0,"125":0,"126":0,"127":0,"128":0,"129":0,"130":0,"131":0,"132":3,"133":3,"134":3,"135":3,"136":3,"137":3,"138":3,"139":0,"140":0,"141":0,"142":0,"143":0,"144":0,"145":3,"146":3,"147":0,"148":0,"149":0,"150":0,"151":0,"152":0,"153":3,"154":3,"155":0,"156":0,"157":0,"158":0,"159":0,"160":0,"161":3,"162":3,"163":3,"164":3,"165":3,"166":0,"167":0,"168":0,"169":0,"170":0,"171":0,"172":0,"173":0,"174":0,"175":0,"176":0,"177":0,"178":0,"179":0,"180":0,"181":0,"182":3,"183":3,"184":3,"185":3,"186":3,"187":0,"188":0,"189":0,"190":0,"191":0,"192":0,"193":0,"194":0,"195":0,"196":0,"197":0,"198":0,"199":0,"200":0,"201":0,"202":0,"203":3,"204":3,"205":3,"206":3,"207":3,"208":0,"209":0,"210":0,"211":0,"212":0,"213":0,"214":0,"215":0,"216":0,"217":0,"218":0,"219":0,"220":0,"221":0,"222":0,"223":0,"224":0,"225":3,"226":3,"227":3,"228":3,"229":3,"230":0,"231":0,"232":0,"233":0,"234":0,"235":0,"236":0,"237":0,"238":0,"239":0,"240":0,"241":0,"242":0,"243":0,"244":0,"245":0,"246":3,"247":3,"248":3,"249":3,"250":3,"251":0,"252":0,"253":0,"254":0,"255":0,"256":0,"257":0,"258":0,"259":0,"260":0,"261":0,"262":0,"263":0,"264":0,"265":0,"266":0,"267":0,"268":0,"269":0,"270":0,"271":0,"272":0,"273":0,"274":3,"275":3,"276":3,"277":3,"278":3,"279":0,"280":0,"281":0,"282":0,"283":0,"284":0,"285":0,"286":0,"287":0,"288":0,"289":0,"290":0,"291":0,"292":0,"293":0,"294":0,"295":0,"296":0,"297":0,"298":0,"299":0,"300":0,"301":0,"302":0,"303":0,"304":0,"305":0,"306":0,"307":0,"308":0,"309":0,"310":0,"311":0,"312":0,"313":0,"314":0,"315":0,"316":0,"317":0,"318":0,"319":0,"320":0,"321":0,"322":0,"323":0,"324":0,"325":3,"326":3,"327":3,"328":3,"329":3,"330":0,"331":0,"332":0,"333":0,"334":0,"335":0,"336":0,"337":0,"338":0,"339":0,"340":0,"341":0,"342":0,"343":0,"344":0,"345":0,"346":0,"347":0,"348":0,"349":0,"350":0,"351":0,"352":0,"353":0,"354":0,"355":0,"356":0,"357":0,"358":0,"359":0,"360":0,"361":0},"f":{"0":0,"1":0,"2":0,"3":0,"4":0,"5":0,"6":0,"7":0,"8":0,"9":0,"10":0,"11":0,"12":0,"13":0,"14":0,"15":0,"16":0,"17":0,"18":0,"19":0,"20":0,"21":0,"22":0,"23":0,"24":0,"25":0,"26":0,"27":0,"28":0,"29":0,"30":0,"31":0,"32":0,"33":0,"34":0,"35":0,"36":3,"37":0,"38":0,"39":0,"40":0,"41":0,"42":6,"43":0,"44":0,"45":0,"46":0,"47":0,"48":6,"49":0,"50":0,"51":0,"52":0,"53":0,"54":0,"55":0,"56":0,"57":0,"58":0,"59":0,"60":0,"61":0,"62":0,"63":0,"64":0,"65":0,"66":3,"67":0,"68":0,"69":0,"70":0,"71":0,"72":0,"73":0,"74":0,"75":0,"76":0,"77":0,"78":0,"79":0,"80":0,"81":0,"82":0,"83":0,"84":3,"85":0,"86":0,"87":0,"88":0,"89":0,"90":0,"91":0,"92":0,"93":0,"94":0,"95":0,"96":0,"97":0,"98":0,"99":0,"100":0,"101":0,"102":0,"103":0,"104":0,"105":0,"106":0,"107":0,"108":0,"109":0,"110":0,"111":0,"112":0,"113":0,"114":0,"115":0,"116":0,"117":0,"118":0,"119":0,"120":0,"121":0,"122":0,"123":0,"124":0,"125":0,"126":0,"127":0,"128":0,"129":0,"130":0,"131":0,"132":0,"133":0,"134":0,"135":0,"136":0,"137":0,"138":0,"139":0,"140":0,"141":0,"142":0,"143":0,"144":0,"145":0,"146":0,"147":0,"148":0,"149":0,"150":0,"151":0},"b":{"0":[0,0],"1":[0,0],"2":[0,0],"3":[0,0],"4":[0,0],"5":[0,0],"6":[0,0],"7":[0,0],"8":[0,0],"9":[0,0],"10":[0,0],"11":[0,0],"12":[0,0],"13":[0,0],"14":[0,0],"15":[0,0],"16":[0,0],"17":[0,0],"18":[0,0],"19":[0,0],"20":[0,0],"21":[0,0],"22":[0,0],"23":[0,0],"24":[0,0],"25":[0,0],"26":[0,0],"27":[0,0],"28":[0,0],"29":[0,0],"30":[0,0],"31":[0,0],"32":[0,0],"33":[0,0],"34":[0,0],"35":[0,0],"36":[0,0],"37":[0,0],"38":[0,0],"39":[0,0],"40":[0,0],"41":[0,0],"42":[0,0],"43":[0,0],"44":[0,0],"45":[0,0],"46":[0,0],"47":[0,0],"48":[0,0],"49":[0,0],"50":[0,0],"51":[0,0],"52":[0,0],"53":[0,0],"54":[0,0],"55":[0,0],"56":[0,0],"57":[0,0],"58":[0,0],"59":[0,0],"60":[0,0],"61":[0,0],"62":[0,0],"63":[0,0],"64":[0,0],"65":[0,0],"66":[0,0],"67":[0,0]},"_coverageSchema":"1a1c01bbd47fc00a2c39e90264f33305004495a9","hash":"d8d430915030d8781a8057d40a39bfdcd3b11957"}
,"/Users/phil/workdir/github/JonathanWilbur/cap-ts/source/XSD.ts": {"path":"/Users/phil/workdir/github/JonathanWilbur/cap-ts/source/XSD.ts","statementMap":{"0":{"start":{"line":16,"column":11},"end":{"line":16,"column":15}},"1":{"start":{"line":19,"column":11},"end":{"line":19,"column":15}},"2":{"start":{"line":21,"column":4},"end":{"line":23,"column":5}},"3":{"start":{"line":22,"column":8},"end":{"line":22,"column":76}},"4":{"start":{"line":24,"column":4},"end":{"line":24,"column":55}},"5":{"start":{"line":30,"column":4},"end":{"line":32,"column":5}},"6":{"start":{"line":31,"column":8},"end":{"line":31,"column":76}},"7":{"start":{"line":33,"column":4},"end":{"line":33,"column":68}},"8":{"start":{"line":39,"column":11},"end":{"line":39,"column":15}},"9":{"start":{"line":42,"column":11},"end":{"line":42,"column":15}},"10":{"start":{"line":44,"column":4},"end":{"line":46,"column":5}},"11":{"start":{"line":45,"column":8},"end":{"line":45,"column":72}},"12":{"start":{"line":47,"column":4},"end":{"line":47,"column":49}},"13":{"start":{"line":53,"column":4},"end":{"line":55,"column":5}},"14":{"start":{"line":54,"column":8},"end":{"line":54,"column":72}},"15":{"start":{"line":56,"column":4},"end":{"line":56,"column":62}},"16":{"start":{"line":60,"column":69},"end":{"line":60,"column":73}},"17":{"start":{"line":61,"column":69},"end":{"line":61,"column":73}},"18":{"start":{"line":63,"column":4},"end":{"line":65,"column":5}},"19":{"start":{"line":64,"column":8},"end":{"line":64,"column":65}},"20":{"start":{"line":66,"column":4},"end":{"line":66,"column":42}},"21":{"start":{"line":72,"column":4},"end":{"line":74,"column":5}},"22":{"start":{"line":73,"column":8},"end":{"line":73,"column":65}},"23":{"start":{"line":75,"column":4},"end":{"line":75,"column":55}},"24":{"start":{"line":85,"column":85},"end":{"line":107,"column":1}},"25":{"start":{"line":108,"column":85},"end":{"line":108,"column":87}},"26":{"start":{"line":109,"column":83},"end":{"line":109,"column":85}},"27":{"start":{"line":110,"column":71},"end":{"line":110,"column":75}},"28":{"start":{"line":111,"column":71},"end":{"line":111,"column":75}},"29":{"start":{"line":113,"column":4},"end":{"line":142,"column":5}},"30":{"start":{"line":114,"column":8},"end":{"line":141,"column":10}},"31":{"start":{"line":115,"column":49},"end":{"line":115,"column":60}},"32":{"start":{"line":116,"column":12},"end":{"line":122,"column":13}},"33":{"start":{"line":117,"column":16},"end":{"line":121,"column":18}},"34":{"start":{"line":124,"column":12},"end":{"line":124,"column":46}},"35":{"start":{"line":125,"column":12},"end":{"line":125,"column":38}},"36":{"start":{"line":126,"column":12},"end":{"line":126,"column":43}},"37":{"start":{"line":130,"column":12},"end":{"line":132,"column":27}},"38":{"start":{"line":131,"column":22},"end":{"line":131,"column":36}},"39":{"start":{"line":133,"column":12},"end":{"line":135,"column":14}},"40":{"start":{"line":133,"column":59},"end":{"line":133,"column":73}},"41":{"start":{"line":136,"column":12},"end":{"line":138,"column":14}},"42":{"start":{"line":136,"column":64},"end":{"line":136,"column":78}},"43":{"start":{"line":140,"column":12},"end":{"line":140,"column":62}},"44":{"start":{"line":143,"column":4},"end":{"line":143,"column":43}},"45":{"start":{"line":149,"column":4},"end":{"line":176,"column":5}},"46":{"start":{"line":150,"column":8},"end":{"line":175,"column":10}},"47":{"start":{"line":154,"column":12},"end":{"line":174,"column":14}},"48":{"start":{"line":158,"column":34},"end":{"line":158,"column":48}},"49":{"start":{"line":162,"column":34},"end":{"line":162,"column":48}},"50":{"start":{"line":166,"column":34},"end":{"line":166,"column":48}},"51":{"start":{"line":171,"column":70},"end":{"line":171,"column":73}},"52":{"start":{"line":177,"column":4},"end":{"line":177,"column":56}},"53":{"start":{"line":183,"column":102},"end":{"line":191,"column":1}},"54":{"start":{"line":192,"column":102},"end":{"line":192,"column":104}},"55":{"start":{"line":193,"column":100},"end":{"line":193,"colum
[...]
}},"type":"cond-expr","locations":[{"start":{"line":194,"column":22},"end":{"line":194,"column":31}},{"start":{"line":195,"column":22},"end":{"line":195,"column":54}}],"line":193},"35":{"loc":{"start":{"line":197,"column":16},"end":{"line":199,"column":53}},"type":"cond-expr","locations":[{"start":{"line":198,"column":22},"end":{"line":198,"column":31}},{"start":{"line":199,"column":22},"end":{"line":199,"column":53}}],"line":197},"36":{"loc":{"start":{"line":204,"column":18},"end":{"line":204,"column":36}},"type":"binary-expr","locations":[{"start":{"line":204,"column":18},"end":{"line":204,"column":30}},{"start":{"line":204,"column":34},"end":{"line":204,"column":36}}],"line":204},"37":{"loc":{"start":{"line":217,"column":8},"end":{"line":217,"column":32}},"type":"binary-expr","locations":[{"start":{"line":217,"column":8},"end":{"line":217,"column":21}},{"start":{"line":217,"column":25},"end":{"line":217,"column":32}}],"line":217},"38":{"loc":{"start":{"line":224,"column":8},"end":{"line":224,"column":27}},"type":"binary-expr","locations":[{"start":{"line":224,"column":8},"end":{"line":224,"column":21}},{"start":{"line":224,"column":25},"end":{"line":224,"column":27}}],"line":224},"39":{"loc":{"start":{"line":229,"column":8},"end":{"line":229,"column":29}},"type":"binary-expr","locations":[{"start":{"line":229,"column":8},"end":{"line":229,"column":23}},{"start":{"line":229,"column":27},"end":{"line":229,"column":29}}],"line":229},"40":{"loc":{"start":{"line":230,"column":8},"end":{"line":230,"column":27}},"type":"binary-expr","locations":[{"start":{"line":230,"column":8},"end":{"line":230,"column":21}},{"start":{"line":230,"column":25},"end":{"line":230,"column":27}}],"line":230},"41":{"loc":{"start":{"line":231,"column":8},"end":{"line":231,"column":30}},"type":"binary-expr","locations":[{"start":{"line":231,"column":8},"end":{"line":231,"column":24}},{"start":{"line":231,"column":28},"end":{"line":231,"column":30}}],"line":231},"42":{"loc":{"start":{"line":232,"column":8},"end":{"line":232,"column":30}},"type":"binary-expr","locations":[{"start":{"line":232,"column":8},"end":{"line":232,"column":24}},{"start":{"line":232,"column":28},"end":{"line":232,"column":30}}],"line":232},"43":{"loc":{"start":{"line":233,"column":8},"end":{"line":233,"column":22}},"type":"binary-expr","locations":[{"start":{"line":233,"column":8},"end":{"line":233,"column":16}},{"start":{"line":233,"column":20},"end":{"line":233,"column":22}}],"line":233},"44":{"loc":{"start":{"line":234,"column":8},"end":{"line":234,"column":26}},"type":"binary-expr","locations":[{"start":{"line":234,"column":8},"end":{"line":234,"column":20}},{"start":{"line":234,"column":24},"end":{"line":234,"column":26}}],"line":234},"45":{"loc":{"start":{"line":251,"column":4},"end":{"line":253,"column":5}},"type":"if","locations":[{"start":{"line":251,"column":4},"end":{"line":253,"column":5}},{"start":{},"end":{}}],"line":251},"46":{"loc":{"start":{"line":257,"column":52},"end":{"line":257,"column":74}},"type":"binary-expr","locations":[{"start":{"line":257,"column":52},"end":{"line":257,"column":68}},{"start":{"line":257,"column":72},"end":{"line":257,"column":74}}],"line":257},"47":{"loc":{"start":{"line":258,"column":4},"end":{"line":259,"column":68}},"type":"if","locations":[{"start":{"line":258,"column":4},"end":{"line":259,"column":68}},{"start":{},"end":{}}],"line":258},"48":{"loc":{"start":{"line":261,"column":54},"end":{"line":261,"column":77}},"type":"binary-expr","locations":[{"start":{"line":261,"column":54},"end":{"line":261,"column":71}},{"start":{"line":261,"column":75},"end":{"line":261,"column":77}}],"line":261},"49":{"loc":{"start":{"line":262,"column":4},"end":{"line":263,"column":70}},"type":"if","locations":[{"start":{"line":262,"column":4},"end":{"line":263,"column":70}},{"start":{},"end":{}}],"line":262},"50":{"loc":{"start":{"line":265,"column":50},"end":{"line":265,"column":71}},"type":"binary-expr","locations":[{"start":{"line":265,"column":50},"end":{"line":265,"column":65}},{"start":{"line":265,"column":69},"end":{"line":265,"column":71}}],"line":265},"51":{"loc":{"start":{"line":266,"column":4},"end":{"line":267,"column":66}},"type":"if","locations":[{"start":{"line":266,"column":4},"end":{"line":267,"column":66}},{"start":{},"end":{}}],"line":266},"52":{"loc":{"start":{"line":271,"column":32},"end":{"line":271,"column":52}},"type":"binary-expr","locations":[{"start":{"line":271,"column":32},"end":{"line":271,"column":46}},{"start":{"line":271,"column":50},"end":{"line":271,"column":52}}],"line":271},"53":{"loc":{"start":{"line":292,"column":8},"end":{"line":292,"column":35}},"type":"binary-expr","locations":[{"start":{"line":292,"column":8},"end":{"line":292,"column":29}},{"start":{"line":292,"column":33},"end":{"line":292,"column":35}}],"line":292},"54":{"loc":{"start":{"line":293,"column":8},"end":{"line":293,"column":33}},"type":"binary-expr","locations":[{"start":{"line":293,"column":8},"end":{"line":293,"column":27}},{"start":{"line":293,"column":31},"end":{"line":293,"column":33}}],"line":293},"55":{"loc":{"start":{"line":294,"column":8},"end":{"line":294,"column":28}},"type":"binary-expr","locations":[{"start":{"line":294,"column":8},"end":{"line":294,"column":22}},{"start":{"line":294,"column":26},"end":{"line":294,"column":28}}],"line":294},"56":{"loc":{"start":{"line":295,"column":8},"end":{"line":295,"column":28}},"type":"binary-expr","locations":[{"start":{"line":295,"column":8},"end":{"line":295,"column":22}},{"start":{"line":295,"column":26},"end":{"line":295,"column":28}}],"line":295},"57":{"loc":{"start":{"line":296,"column":8},"end":{"line":296,"column":34}},"type":"binary-expr","locations":[{"start":{"line":296,"column":8},"end":{"line":296,"column":28}},{"start":{"line":296,"column":32},"end":{"line":296,"column":34}}],"line":296},"58":{"loc":{"start":{"line":297,"column":8},"end":{"line":297,"column":33}},"type":"binary-expr","locations":[{"start":{"line":297,"column":8},"end":{"line":297,"column":27}},{"start":{"line":297,"column":31},"end":{"line":297,"column":33}}],"line":297},"59":{"loc":{"start":{"line":299,"column":8},"end":{"line":299,"column":28}},"type":"binary-expr","locations":[{"start":{"line":299,"column":8},"end":{"line":299,"column":22}},{"start":{"line":299,"column":26},"end":{"line":299,"column":28}}],"line":299}},"s":{"0":0,"1":0,"2":0,"3":0,"4":0,"5":0,"6":0,"7":0,"8":0,"9":0,"10":0,"11":0,"12":0,"13":0,"14":0,"15":0,"16":0,"17":0,"18":0,"19":0,"20":0,"21":0,"22":0,"23":0,"24":0,"25":0,"26":0,"27":0,"28":0,"29":0,"30":0,"31":0,"32":0,"33":0,"34":0,"35":0,"36":0,"37":0,"38":0,"39":0,"40":0,"41":0,"42":0,"43":0,"44":0,"45":0,"46":0,"47":0,"48":0,"49":0,"50":0,"51":0,"52":0,"53":0,"54":0,"55":0,"56":0,"57":0,"58":0,"59":0,"60":0,"61":0,"62":0,"63":0,"64":0,"65":0,"66":0,"67":0,"68":0,"69":0,"70":0,"71":0,"72":0,"73":0,"74":0,"75":0,"76":0,"77":0,"78":0,"79":0,"80":0,"81":0,"82":0,"83":0,"84":0,"85":0,"86":0,"87":0,"88":0,"89":0,"90":0,"91":0,"92":0,"93":0,"94":0,"95":0,"96":0,"97":0,"98":0,"99":0,"100":0,"101":0,"102":0,"103":0,"104":0,"105":0,"106":0,"107":0,"108":0,"109":0},"f":{"0":0,"1":0,"2":0,"3":0,"4":0,"5":0,"6":0},"b":{"0":[0,0],"1":[0,0],"2":[0,0],"3":[0,0],"4":[0,0],"5":[0,0],"6":[0,0],"7":[0,0],"8":[0,0],"9":[0,0],"10":[0,0],"11":[0,0],"12":[0,0],"13":[0,0],"14":[0,0],"15":[0,0],"16":[0,0],"17":[0,0],"18":[0,0],"19":[0,0],"20":[0,0],"21":[0,0],"22":[0,0],"23":[0,0],"24":[0,0],"25":[0,0],"26":[0,0],"27":[0,0],"28":[0,0],"29":[0,0],"30":[0,0],"31":[0,0],"32":[0,0],"33":[0,0],"34":[0,0],"35":[0,0],"36":[0,0],"37":[0,0],"38":[0,0],"39":[0,0],"40":[0,0],"41":[0,0],"42":[0,0],"43":[0,0],"44":[0,0],"45":[0,0],"46":[0,0],"47":[0,0],"48":[0,0],"49":[0,0],"50":[0,0],"51":[0,0],"52":[0,0],"53":[0,0],"54":[0,0],"55":[0,0],"56":[0,0],"57":[0,0],"58":[0,0],"59":[0,0]},"_coverageSchema":"1a1c01bbd47fc00a2c39e90264f33305004495a9","hash":"f28d5d4de82bf89186d2e605d7cc359c4251c942"}
,"/Users/phil/workdir/github/JonathanWilbur/cap-ts/source/index.ts": {"path":"/Users/phil/workdir/github/JonathanWilbur/cap-ts/source/index.ts","statementMap":{"0":{"start":{"line":1,"column":0},"end":{"line":1,"column":37}},"1":{"start":{"line":2,"column":0},"end":{"line":2,"column":29}}},"fnMap":{},"branchMap":{},"s":{"0":1,"1":1},"f":{},"b":{}}
,"/Users/phil/workdir/github/JonathanWilbur/cap-ts/source/toXML.ts": {"path":"/Users/phil/workdir/github/JonathanWilbur/cap-ts/source/toXML.ts","statementMap":{"0":{"start":{"line":21,"column":20},"end":{"line":25,"column":5}},"1":{"start":{"line":27,"column":24},"end":{"line":29,"column":5}},"2":{"start":{"line":28,"column":8},"end":{"line":28,"column":32}},"3":{"start":{"line":31,"column":4},"end":{"line":50,"column":7}},"4":{"start":{"line":45,"column":20},"end":{"line":45,"column":46}},"5":{"start":{"line":46,"column":8},"end":{"line":46,"column":52}},"6":{"start":{"line":46,"column":45},"end":{"line":46,"column":52}},"7":{"start":{"line":47,"column":8},"end":{"line":49,"column":9}},"8":{"start":{"line":48,"column":12},"end":{"line":48,"column":43}},"9":{"start":{"line":52,"column":4},"end":{"line":57,"column":7}},"10":{"start":{"line":53,"column":8},"end":{"line":56,"column":10}},"11":{"start":{"line":58,"column":4},"end":{"line":63,"column":7}},"12":{"start":{"line":59,"column":8},"end":{"line":62,"column":10}},"13":{"start":{"line":65,"column":4},"end":{"line":68,"column":7}},"14":{"start":{"line":66,"column":8},"end":{"line":66,"column":63}},"15":{"start":{"line":67,"column":8},"end":{"line":67,"column":69}},"16":{"start":{"line":67,"column":22},"end":{"line":67,"column":69}},"17":{"start":{"line":70,"column":4},"end":{"line":73,"column":7}},"18":{"start":{"line":71,"column":8},"end":{"line":71,"column":66}},"19":{"start":{"line":72,"column":8},"end":{"line":72,"column":75}},"20":{"start":{"line":72,"column":25},"end":{"line":72,"column":75}},"21":{"start":{"line":75,"column":4},"end":{"line":77,"column":7}},"22":{"start":{"line":76,"column":8},"end":{"line":76,"column":49}},"23":{"start":{"line":79,"column":4},"end":{"line":79,"column":26}},"24":{"start":{"line":80,"column":4},"end":{"line":82,"column":7}},"25":{"start":{"line":81,"column":8},"end":{"line":81,"column":41}},"26":{"start":{"line":83,"column":4},"end":{"line":83,"column":19}},"27":{"start":{"line":87,"column":24},"end":{"line":87,"column":61}},"28":{"start":{"line":88,"column":25},"end":{"line":88,"column":64}},"29":{"start":{"line":89,"column":23},"end":{"line":89,"column":58}},"30":{"start":{"line":90,"column":20},"end":{"line":90,"column":53}},"31":{"start":{"line":92,"column":21},"end":{"line":102,"column":5}},"32":{"start":{"line":104,"column":25},"end":{"line":108,"column":5}},"33":{"start":{"line":105,"column":8},"end":{"line":107,"column":11}},"34":{"start":{"line":110,"column":4},"end":{"line":126,"column":7}},"35":{"start":{"line":121,"column":20},"end":{"line":121,"column":47}},"36":{"start":{"line":122,"column":8},"end":{"line":122,"column":52}},"37":{"start":{"line":122,"column":45},"end":{"line":122,"column":52}},"38":{"start":{"line":123,"column":8},"end":{"line":125,"column":9}},"39":{"start":{"line":124,"column":12},"end":{"line":124,"column":44}},"40":{"start":{"line":128,"column":4},"end":{"line":130,"column":7}},"41":{"start":{"line":129,"column":8},"end":{"line":129,"column":41}},"42":{"start":{"line":132,"column":4},"end":{"line":134,"column":7}},"43":{"start":{"line":133,"column":8},"end":{"line":133,"column":58}},"44":{"start":{"line":136,"column":4},"end":{"line":138,"column":7}},"45":{"start":{"line":137,"column":8},"end":{"line":137,"column":41}},"46":{"start":{"line":140,"column":16},"end":{"line":148,"column":5}},"47":{"start":{"line":149,"column":4},"end":{"line":149,"column":30}}},"fnMap":{"0":{"name":"alertInfoToXML","decl":{"start":{"line":18,"column":16},"end":{"line":18,"column":30}},"loc":{"start":{"line":20,"column":23},"end":{"line":84,"column":1}},"line":20},"1":{"name":"(anonymous_1)","decl":{"start":{"line":27,"column":24},"end":{"line":27,"column":25}},"loc":{"start":{"line":27,"column":55},"end":{"line":29,"column":5}},"line":27},"2":{"name":"(anonymous_2)","decl":{"start":{"line":44,"column":14},"end":{"line":44,"column":15}},"loc":{"start":{"line":44,"column":27},"end":{"line":50,"column":5}},"line":44},"3":{"name":"(anonymous_3)","decl":{"start":{"line":52,"column":31},"end":{"line":52,"column":32}},"loc":{"start":{"line":52,"column":42},"end":{"line":57,"column":5}},"line":52},"4":{"name":"(anonymous_4)","decl":{"start":{"line":58,"column":35},"end":{"line":58,"column":36}},"loc":{"start":{"line":58,"column":46},"end":{"line":63,"column":5}},"line":58},"5":{"name":"(anonymous_5)","decl":{"start":{"line":65,"column":32},"end":{"line":65,"column":33}},"loc":{"start":{"line":65,"column":43},"end":{"line":68,"column":5}},"line":65},"6":{"name":"(anonymous_6)","decl":{"start":{"line":70,"column":32},"end":{"line":70,"column":33}},"loc":{"start":{"line":70,"column":46},"end":{"line":73,"column":5}},"line":70},"7":{"name":"(anonymous_7)","decl":{"start":{"line":75,"column":31},"end":{"line":75,"column":32}},"loc":{"start":{"line":75,"column":48},"end":{"line":77,"column":5}},"line":75},"8":{"name":"(anonymous_8)","decl":{"start":{"line":80,"column":27},"end":{"line":80,"column":28}},"loc":{"start":{"line":80,"column":40},"end":{"line":82,"column":5}},"line":80},"9":{"name":"alertToXML","decl":{"start":{"line":86,"column":24},"end":{"line":86,"column":34}},"loc":{"start":{"line":86,"column":57},"end":{"line":150,"column":1}},"line":86},"10":{"name":"(anonymous_10)","decl":{"start":{"line":104,"column":25},"end":{"line":104,"column":26}},"loc":{"start":{"line":104,"column":65},"end":{"line":108,"column":5}},"line":104},"11":{"name":"(anonymous_11)","decl":{"start":{"line":120,"column":14},"end":{"line":120,"column":15}},"loc":{"start":{"line":120,"column":24},"end":{"line":126,"column":5}},"line":120},"12":{"name":"(anonymous_12)","decl":{"start":{"line":128,"column":28},"end":{"line":128,"column":29}},"loc":{"start":{"line":128,"column":41},"end":{"line":130,"column":5}},"line":128},"13":{"name":"(anonymous_13)","decl":{"start":{"line":132,"column":28},"end":{"line":132,"column":29}},"loc":{"start":{"line":132,"column":41},"end":{"line":134,"column":5}},"line":132},"14":{"name":"(anonymous_14)","decl":{"start":{"line":136,"column":28},"end":{"line":136,"column":29}},"loc":{"start":{"line":136,"column":41},"end":{"line":138,"column":5}},"line":136}},"branchMap":{"0":{"loc":{"start":{"line":46,"column":8},"end":{"line":46,"column":52}},"type":"if","locations":[{"start":{"line":46,"column":8},"end":{"line":46,"column":52}},{"start":{},"end":{}}],"line":46},"1":{"loc":{"start":{"line":46,"column":12},"end":{"line":46,"column":43}},"type":"binary-expr","locations":[{"start":{"line":46,"column":12},"end":{"line":46,"column":29}},{"start":{"line":46,"column":33},"end":{"line":46,"column":43}}],"line":46},"2":{"loc":{"start":{"line":47,"column":8},"end":{"line":49,"column":9}},"type":"if","locations":[{"start":{"line":47,"column":8},"end":{"line":49,"column":9}},{"start":{},"end":{}}],"line":47},"3":{"loc":{"start":{"line":47,"column":12},"end":{"line":47,"column":28}},"type":"binary-expr","locations":[{"start":{"line":47,"column":12},"end":{"line":47,"column":15}},{"start":{"line":47,"column":19},"end":{"line":47,"column":28}}],"line":47},"4":{"loc":{"start":{"line":67,"column":8},"end":{"line":67,"column":69}},"type":"if","locations":[{"start":{"line":67,"column":8},"end":{"line":67,"column":69}},{"start":{},"end":{}}],"line":67},"5":{"loc":{"start":{"line":72,"column":8},"end":{"line":72,"column":75}},"type":"if","locations":[{"start":{"line":72,"column":8},"end":{"line":72,"column":75}},{"start":{},"end":{}}],"line":72},"6":{"loc":{"start":{"line":122,"column":8},"end":{"line":122,"column":52}},"type":"if","locations":[{"start":{"line":122,"column":8},"end":{"line":122,"column":52}},{"start":{},"end":{}}],"line":122},"7":{"loc":{"start":{"line":122,"column":12},"end":{"line":122,"column":43}},"type":"binary-expr","locations":[{"start":{"line":122,"column":12},"end":{"line":122,"column":29}},{"start":{"line":122,"column":33},"end":{"line":122,"column":43}}],"line":122},"8":{"loc":{"start":{"line":123,"column":8},"end":{"line":125,"column":9}},"type":"if","locations":[{"start":{"line":123,"column":8},"end":{"line":125,"column":9}},{"start":{},"end":{}}],"line":123},"9":{"loc":{"start":{"line":123,"column":12},"end":{"line":123,"column":28}},"type":"binary-expr","locations":[{"start":{"line":123,"column":12},"end":{"line":123,"column":15}},{"start":{"line":123,"column":19},"end":{"line":123,"column":28}}],"line":123}},"s":{"0":0,"1":0,"2":0,"3":0,"4":0,"5":0,"6":0,"7":0,"8":0,"9":0,"10":0,"11":0,"12":0,"13":0,"14":0,"15":0,"16":0,"17":0,"18":0,"19":0,"20":0,"21":0,"22":0,"23":0,"24":0,"25":0,"26":0,"27":0,"28":0,"29":0,"30":0,"31":0,"32":0,"33":0,"34":0,"35":0,"36":0,"37":0,"38":0,"39":0,"40":0,"41":0,"42":0,"43":0,"44":0,"45":0,"46":0,"47":0},"f":{"0":0,"1":0,"2":0,"3":0,"4":0,"5":0,"6":0,"7":0,"8":0,"9":0,"10":0,"11":0,"12":0,"13":0,"14":0},"b":{"0":[0,0],"1":[0,0],"2":[0,0],"3":[0,0],"4":[0,0],"5":[0,0],"6":[0,0],"7":[0,0],"8":[0,0],"9":[0,0]},"_coverageSchema":"1a1c01bbd47fc00a2c39e90264f33305004495a9","hash":"5c14b4e4dc751cd0cd02d8d5f909a5c848dacb3d"}
,"/Users/phil/workdir/github/JonathanWilbur/cap-ts/test/jest/mock_data/mockData.ts": {"path":"/Users/phil/workdir/github/JonathanWilbur/cap-ts/test/jest/mock_data/mockData.ts","statementMap":{"0":{"start":{"line":3,"column":21},"end":{"line":3,"column":48}},"1":{"start":{"line":4,"column":35},"end":{"line":4,"column":42}},"2":{"start":{"line":5,"column":21},"end":{"line":5,"column":78}},"3":{"start":{"line":6,"column":14},"end":{"line":6,"column":35}},"4":{"start":{"line":7,"column":25},"end":{"line":9,"column":1}},"5":{"start":{"line":10,"column":16},"end":{"line":10,"column":60}},"6":{"start":{"line":11,"column":17},"end":{"line":11,"column":60}},"7":{"start":{"line":12,"column":18},"end":{"line":12,"column":65}},"8":{"start":{"line":13,"column":17},"end":{"line":13,"column":19}},"9":{"start":{"line":14,"column":84},"end":{"line":19,"column":1}},"10":{"start":{"line":21,"column":26},"end":{"line":21,"column":28}},"11":{"start":{"line":22,"column":22},"end":{"line":22,"column":24}},"12":{"start":{"line":23,"column":24},"end":{"line":23,"column":51}},"13":{"start":{"line":24,"column":19},"end":{"line":24,"column":34}},"14":{"start":{"line":25,"column":17},"end":{"line":25,"column":32}},"15":{"start":{"line":27,"column":4},"end":{"line":27,"column":363}},"16":{"start":{"line":29,"column":4},"end":{"line":29,"column":422}},"17":{"start":{"line":31,"column":4},"end":{"line":31,"column":80}},"18":{"start":{"line":32,"column":16},"end":{"line":32,"column":18}},"19":{"start":{"line":33,"column":84},"end":{"line":42,"column":1}},"20":{"start":{"line":43,"column":81},"end":{"line":52,"column":1}},"21":{"start":{"line":53,"column":69},"end":{"line":62,"column":1}},"22":{"start":{"line":64,"column":28},"end":{"line":98,"column":1}},"23":{"start":{"line":100,"column":28},"end":{"line":138,"column":1}},"24":{"start":{"line":121,"column":12},"end":{"line":124,"column":13}},"25":{"start":{"line":128,"column":12},"end":{"line":135,"column":13}}},"fnMap":{"0":{"name":"(anonymous_0)","decl":{"start":{"line":120,"column":8},"end":{"line":120,"column":9}},"loc":{"start":{"line":121,"column":12},"end":{"line":124,"column":13}},"line":121},"1":{"name":"(anonymous_1)","decl":{"start":{"line":127,"column":8},"end":{"line":127,"column":9}},"loc":{"start":{"line":128,"column":12},"end":{"line":135,"column":13}},"line":128}},"branchMap":{},"s":{"0":3,"1":3,"2":3,"3":3,"4":3,"5":3,"6":3,"7":3,"8":3,"9":3,"10":3,"11":3,"12":3,"13":3,"14":3,"15":3,"16":3,"17":3,"18":3,"19":3,"20":3,"21":3,"22":3,"23":3,"24":6,"25":3},"f":{"0":6,"1":3},"b":{},"_coverageSchema":"1a1c01bbd47fc00a2c39e90264f33305004495a9","hash":"8b4f6b6b3cc668250f7682f1a05f5b2a6e3f681b"}
}
