TN:
SF:source/CAP-1-2.ts
FN:40,_to_string_Alert_status
FN:49,_from_string_Alert_status
FN:75,_decode_Alert_status
FN:81,_encode_Alert_status
FN:98,_to_string_Alert_msgType
FN:107,_from_string_Alert_msgType
FN:133,_decode_Alert_msgType
FN:139,_encode_Alert_msgType
FN:154,_to_string_Alert_scope
FN:161,_from_string_Alert_scope
FN:181,_decode_Alert_scope
FN:187,_encode_Alert_scope
FN:211,_to_string_Alert_info_list_info_category_list_category
FN:227,_from_string_Alert_info_list_info_category_list_category
FN:274,_decode_Alert_info_list_info_category_list_category
FN:283,_encode_Alert_info_list_info_category_list_category
FN:308,_to_string_Alert_info_list_info_responseType_list_responseType
FN:321,_from_string_Alert_info_list_info_responseType_list_responseType
FN:359,_decode_Alert_info_list_info_responseType_list_responseType
FN:372,_encode_Alert_info_list_info_responseType_list_responseType
FN:397,_to_string_Alert_info_list_info_urgency
FN:406,_from_string_Alert_info_list_info_urgency
FN:432,_decode_Alert_info_list_info_urgency
FN:439,_encode_Alert_info_list_info_urgency
FN:457,_to_string_Alert_info_list_info_severity
FN:466,_from_string_Alert_info_list_info_severity
FN:492,_decode_Alert_info_list_info_severity
FN:499,_encode_Alert_info_list_info_severity
FN:517,_to_string_Alert_info_list_info_certainty
FN:526,_from_string_Alert_info_list_info_certainty
FN:553,_decode_Alert_info_list_info_certainty
FN:560,_encode_Alert_info_list_info_certainty
FN:574,_decode_ValueName
FN:580,_encode_ValueName
FN:593,_decode_Value
FN:599,_encode_Value
FN:610,(anonymous_36)
FN:636,_decode_Alert_info_list_info_eventCode_list_eventCode
FN:640,(anonymous_38)
FN:669,_encode_Alert_info_list_info_eventCode_list_eventCode
FN:674,(anonymous_40)
FN:693,(anonymous_41)
FN:706,(anonymous_42)
FN:732,_decode_Alert_info_list_info_parameter_list_parameter
FN:736,(anonymous_44)
FN:765,_encode_Alert_info_list_info_parameter_list_parameter
FN:770,(anonymous_46)
FN:789,(anonymous_47)
FN:802,(anonymous_48)
FN:863,_decode_Alert_info_list_info_resource_list_resource
FN:867,(anonymous_50)
FN:880,(anonymous_51)
FN:883,(anonymous_52)
FN:886,(anonymous_53)
FN:889,(anonymous_54)
FN:892,(anonymous_55)
FN:895,(anonymous_56)
FN:920,_encode_Alert_info_list_info_resource_list_resource
FN:925,(anonymous_58)
FN:956,(anonymous_59)
FN:969,(anonymous_60)
FN:995,_decode_Alert_info_list_info_area_list_area_geocode_list_geocode
FN:1001,(anonymous_62)
FN:1030,_encode_Alert_info_list_info_area_list_area_geocode_list_geocode
FN:1039,(anonymous_64)
FN:1058,(anonymous_65)
FN:1071,(anonymous_66)
FN:1132,_decode_Alert_info_list_info_area_list_area
FN:1136,(anonymous_68)
FN:1149,(anonymous_69)
FN:1152,(anonymous_70)
FN:1154,(anonymous_71)
FN:1157,(anonymous_72)
FN:1159,(anonymous_73)
FN:1162,(anonymous_74)
FN:1166,(anonymous_75)
FN:1170,(anonymous_76)
FN:1173,(anonymous_77)
FN:1198,_encode_Alert_info_list_info_area_list_area
FN:1203,(anonymous_79)
FN:1215,(anonymous_80)
FN:1219,(anonymous_81)
FN:1225,(anonymous_82)
FN:1237,(anonymous_83)
FN:1250,(anonymous_84)
FN:1431,_decode_Alert_info_list_info
FN:1433,(anonymous_86)
FN:1461,(anonymous_87)
FN:1464,(anonymous_88)
FN:1468,(anonymous_89)
FN:1472,(anonymous_90)
FN:1475,(anonymous_91)
FN:1479,(anonymous_92)
FN:1483,(anonymous_93)
FN:1486,(anonymous_94)
FN:1489,(anonymous_95)
FN:1492,(anonymous_96)
FN:1495,(anonymous_97)
FN:1499,(anonymous_98)
FN:1503,(anonymous_99)
FN:1506,(anonymous_100)
FN:1509,(anonymous_101)
FN:1512,(anonymous_102)
FN:1515,(anonymous_103)
FN:1518,(anonymous_104)
FN:1521,(anonymous_105)
FN:1524,(anonymous_106)
FN:1527,(anonymous_107)
FN:1530,(anonymous_108)
FN:1534,(anonymous_109)
FN:1538,(anonymous_110)
FN:1542,(anonymous_111)
FN:1546,(anonymous_112)
FN:1549,(anonymous_113)
FN:1588,_encode_Alert_info_list_info
FN:1593,(anonymous_115)
FN:1606,(anonymous_116)
FN:1617,(anonymous_117)
FN:1639,(anonymous_118)
FN:1682,(anonymous_119)
FN:1689,(anonymous_120)
FN:1696,(anonymous_121)
FN:1701,(anonymous_122)
FN:1711,(anonymous_123)
FN:1729,(anonymous_124)
FN:1733,(anonymous_125)
FN:1848,_decode_Alert
FN:1850,(anonymous_127)
FN:1870,(anonymous_128)
FN:1873,(anonymous_129)
FN:1876,(anonymous_130)
FN:1879,(anonymous_131)
FN:1882,(anonymous_132)
FN:1885,(anonymous_133)
FN:1888,(anonymous_134)
FN:1891,(anonymous_135)
FN:1894,(anonymous_136)
FN:1897,(anonymous_137)
FN:1899,(anonymous_138)
FN:1902,(anonymous_139)
FN:1905,(anonymous_140)
FN:1908,(anonymous_141)
FN:1911,(anonymous_142)
FN:1913,(anonymous_143)
FN:1916,(anonymous_144)
FN:1918,(anonymous_145)
FN:1952,_encode_Alert
FN:1957,(anonymous_147)
FN:2001,(anonymous_148)
FN:2015,(anonymous_149)
FN:2020,(anonymous_150)
FN:2025,(anonymous_151)
FNF:152
FNH:5
FNDA:0,_to_string_Alert_status
FNDA:0,_from_string_Alert_status
FNDA:0,_decode_Alert_status
FNDA:0,_encode_Alert_status
FNDA:0,_to_string_Alert_msgType
FNDA:0,_from_string_Alert_msgType
FNDA:0,_decode_Alert_msgType
FNDA:0,_encode_Alert_msgType
FNDA:0,_to_string_Alert_scope
FNDA:0,_from_string_Alert_scope
FNDA:0,_decode_Alert_scope
FNDA:0,_encode_Alert_scope
FNDA:0,_to_string_Alert_info_list_info_category_list_category
FNDA:0,_from_string_Alert_info_list_info_category_list_category
FNDA:0,_decode_Alert_info_list_info_category_list_category
FNDA:0,_encode_Alert_info_list_info_category_list_category
FNDA:0,_to_string_Alert_info_list_info_responseType_list_responseType
FNDA:0,_from_string_Alert_info_list_info_responseType_list_responseType
FNDA:0,_decode_Alert_info_list_info_responseType_list_responseType
FNDA:0,_encode_Alert_info_list_info_responseType_list_responseType
FNDA:0,_to_string_Alert_info_list_info_urgency
FNDA:0,_from_string_Alert_info_list_info_urgency
FNDA:0,_decode_Alert_info_list_info_urgency
FNDA:0,_encode_Alert_info_list_info_urgency
FNDA:0,_to_string_Alert_info_list_info_severity
FNDA:0,_from_string_Alert_info_list_info_severity
FNDA:0,_decode_Alert_info_list_info_severity
FNDA:0,_encode_Alert_info_list_info_severity
FNDA:0,_to_string_Alert_info_list_info_certainty
FNDA:0,_from_string_Alert_info_list_info_certainty
FNDA:0,_decode_Alert_info_list_info_certainty
FNDA:0,_encode_Alert_info_list_info_certainty
FNDA:0,_decode_ValueName
FNDA:0,_encode_ValueName
FNDA:0,_decode_Value
FNDA:0,_encode_Value
FNDA:3,(anonymous_36)
FNDA:0,_decode_Alert_info_list_info_eventCode_list_eventCode
FNDA:0,(anonymous_38)
FNDA:0,_encode_Alert_info_list_info_eventCode_list_eventCode
FNDA:0,(anonymous_40)
FNDA:0,(anonymous_41)
FNDA:6,(anonymous_42)
FNDA:0,_decode_Alert_info_list_info_parameter_list_parameter
FNDA:0,(anonymous_44)
FNDA:0,_encode_Alert_info_list_info_parameter_list_parameter
FNDA:0,(anonymous_46)
FNDA:0,(anonymous_47)
FNDA:6,(anonymous_48)
FNDA:0,_decode_Alert_info_list_info_resource_list_resource
FNDA:0,(anonymous_50)
FNDA:0,(anonymous_51)
FNDA:0,(anonymous_52)
FNDA:0,(anonymous_53)
FNDA:0,(anonymous_54)
FNDA:0,(anonymous_55)
FNDA:0,(anonymous_56)
FNDA:0,_encode_Alert_info_list_info_resource_list_resource
FNDA:0,(anonymous_58)
FNDA:0,(anonymous_59)
FNDA:0,(anonymous_60)
FNDA:0,_decode_Alert_info_list_info_area_list_area_geocode_list_geocode
FNDA:0,(anonymous_62)
FNDA:0,_encode_Alert_info_list_info_area_list_area_geocode_list_geocode
FNDA:0,(anonymous_64)
FNDA:0,(anonymous_65)
FNDA:3,(anonymous_66)
FNDA:0,_decode_Alert_info_list_info_area_list_area
FNDA:0,(anonymous_68)
FNDA:0,(anonymous_69)
FNDA:0,(anonymous_70)
FNDA:0,(anonymous_71)
FNDA:0,(anonymous_72)
FNDA:0,(anonymous_73)
FNDA:0,(anonymous_74)
FNDA:0,(anonymous_75)
FNDA:0,(anonymous_76)
FNDA:0,(anonymous_77)
FNDA:0,_encode_Alert_info_list_info_area_list_area
FNDA:0,(anonymous_79)
FNDA:0,(anonymous_80)
FNDA:0,(anonymous_81)
FNDA:0,(anonymous_82)
FNDA:0,(anonymous_83)
FNDA:3,(anonymous_84)
FNDA:0,_decode_Alert_info_list_info
FNDA:0,(anonymous_86)
FNDA:0,(anonymous_87)
FNDA:0,(anonymous_88)
FNDA:0,(anonymous_89)
FNDA:0,(anonymous_90)
FNDA:0,(anonymous_91)
FNDA:0,(anonymous_92)
FNDA:0,(anonymous_93)
FNDA:0,(anonymous_94)
FNDA:0,(anonymous_95)
FNDA:0,(anonymous_96)
FNDA:0,(anonymous_97)
FNDA:0,(anonymous_98)
FNDA:0,(anonymous_99)
FNDA:0,(anonymous_100)
FNDA:0,(anonymous_101)
FNDA:0,(anonymous_102)
FNDA:0,(anonymous_103)
FNDA:0,(anonymous_104)
FNDA:0,(anonymous_105)
FNDA:0,(anonymous_106)
FNDA:0,(anonymous_107)
FNDA:0,(anonymous_108)
FNDA:0,(anonymous_109)
FNDA:0,(anonymous_110)
FNDA:0,(anonymous_111)
FNDA:0,(anonymous_112)
FNDA:0,(anonymous_113)
FNDA:0,_encode_Alert_info_list_info
FNDA:0,(anonymous_115)
FNDA:0,(anonymous_116)
FNDA:0,(anonymous_117)
FNDA:0,(anonymous_118)
FNDA:0,(anonymous_119)
FNDA:0,(anonymous_120)
FNDA:0,(anonymous_121)
FNDA:0,(anonymous_122)
FNDA:0,(anonymous_123)
FNDA:0,(anonymous_124)
FNDA:0,(anonymous_125)
FNDA:0,_decode_Alert
FNDA:0,(anonymous_127)
FNDA:0,(anonymous_128)
FNDA:0,(anonymous_129)
FNDA:0,(anonymous_130)
FNDA:0,(anonymous_131)
FNDA:0,(anonymous_132)
FNDA:0,(anonymous_133)
FNDA:0,(anonymous_134)
FNDA:0,(anonymous_135)
FNDA:0,(anonymous_136)
FNDA:0,(anonymous_137)
FNDA:0,(anonymous_138)
FNDA:0,(anonymous_139)
FNDA:0,(anonymous_140)
FNDA:0,(anonymous_141)
FNDA:0,(anonymous_142)
FNDA:0,(anonymous_143)
FNDA:0,(anonymous_144)
FNDA:0,(anonymous_145)
FNDA:0,_encode_Alert
FNDA:0,(anonymous_147)
FNDA:0,(anonymous_148)
FNDA:0,(anonymous_149)
FNDA:0,(anonymous_150)
FNDA:0,(anonymous_151)
DA:41,0
DA:50,0
DA:51,0
DA:60,3
DA:62,3
DA:64,3
DA:66,3
DA:68,3
DA:71,3
DA:74,3
DA:76,0
DA:77,0
DA:79,0
DA:85,0
DA:86,0
DA:88,0
DA:99,0
DA:108,0
DA:109,0
DA:118,3
DA:120,3
DA:122,3
DA:124,3
DA:126,3
DA:129,3
DA:132,3
DA:134,0
DA:135,0
DA:137,0
DA:143,0
DA:144,0
DA:146,0
DA:155,0
DA:162,0
DA:163,0
DA:170,3
DA:172,3
DA:174,3
DA:177,3
DA:180,3
DA:182,0
DA:183,0
DA:185,0
DA:191,0
DA:192,0
DA:194,0
DA:212,0
DA:228,0
DA:229,0
DA:245,3
DA:247,3
DA:249,3
DA:251,3
DA:253,3
DA:255,3
DA:257,3
DA:259,3
DA:261,3
DA:263,3
DA:265,3
DA:267,3
DA:270,3
DA:273,3
DA:277,0
DA:278,0
DA:281,0
DA:287,0
DA:288,0
DA:291,0
DA:309,0
DA:322,0
DA:323,0
DA:336,3
DA:338,3
DA:340,3
DA:342,3
DA:344,3
DA:346,3
DA:348,3
DA:350,3
DA:352,3
DA:355,3
DA:358,3
DA:362,0
DA:365,0
DA:368,0
DA:378,0
DA:381,0
DA:384,0
DA:398,0
DA:407,0
DA:408,0
DA:417,3
DA:419,3
DA:421,3
DA:423,3
DA:425,3
DA:428,3
DA:431,3
DA:433,0
DA:434,0
DA:437,0
DA:443,0
DA:444,0
DA:447,0
DA:458,0
DA:467,0
DA:468,0
DA:477,3
DA:479,3
DA:481,3
DA:483,3
DA:485,3
DA:488,3
DA:491,3
DA:493,0
DA:494,0
DA:497,0
DA:503,0
DA:504,0
DA:507,0
DA:518,0
DA:527,0
DA:528,0
DA:538,3
DA:540,3
DA:542,3
DA:544,3
DA:546,3
DA:549,3
DA:552,3
DA:554,0
DA:555,0
DA:558,0
DA:564,0
DA:565,0
DA:568,0
DA:572,3
DA:573,3
DA:575,0
DA:576,0
DA:578,0
DA:584,0
DA:585,0
DA:587,0
DA:591,3
DA:592,3
DA:594,0
DA:595,0
DA:597,0
DA:603,0
DA:604,0
DA:606,0
DA:612,3
DA:628,3
DA:629,3
DA:632,3
DA:635,3
DA:639,0
DA:640,0
DA:643,0
DA:644,0
DA:645,0
DA:652,0
DA:653,0
DA:656,0
DA:657,0
DA:659,0
DA:665,0
DA:673,0
DA:674,0
DA:680,0
DA:693,0
DA:699,0
DA:708,3
DA:724,3
DA:725,3
DA:728,3
DA:731,3
DA:735,0
DA:736,0
DA:739,0
DA:740,0
DA:741,0
DA:748,0
DA:749,0
DA:752,0
DA:753,0
DA:755,0
DA:761,0
DA:769,0
DA:770,0
DA:776,0
DA:789,0
DA:795,0
DA:811,3
DA:855,3
DA:856,3
DA:859,3
DA:862,3
DA:866,0
DA:867,0
DA:879,0
DA:881,0
DA:884,0
DA:887,0
DA:890,0
DA:893,0
DA:896,0
DA:900,0
DA:908,0
DA:918,0
DA:924,0
DA:925,0
DA:931,0
DA:956,0
DA:962,0
DA:971,3
DA:987,3
DA:988,3
DA:991,3
DA:994,3
DA:998,0
DA:1001,0
DA:1004,0
DA:1005,0
DA:1006,0
DA:1013,0
DA:1014,0
DA:1017,0
DA:1018,0
DA:1020,0
DA:1026,0
DA:1036,0
DA:1039,0
DA:1045,0
DA:1058,0
DA:1064,0
DA:1080,3
DA:1124,3
DA:1125,3
DA:1128,3
DA:1131,3
DA:1135,0
DA:1136,0
DA:1148,0
DA:1150,0
DA:1153,0
DA:1154,0
DA:1158,0
DA:1159,0
DA:1163,0
DA:1167,0
DA:1171,0
DA:1174,0
DA:1178,0
DA:1186,0
DA:1196,0
DA:1202,0
DA:1203,0
DA:1207,0
DA:1215,0
DA:1219,0
DA:1226,0
DA:1237,0
DA:1243,0
DA:1274,3
DA:1423,3
DA:1424,3
DA:1427,3
DA:1430,3
DA:1432,0
DA:1433,0
DA:1460,0
DA:1462,0
DA:1465,0
DA:1469,0
DA:1473,0
DA:1476,0
DA:1480,0
DA:1484,0
DA:1487,0
DA:1490,0
DA:1493,0
DA:1496,0
DA:1500,0
DA:1504,0
DA:1507,0
DA:1510,0
DA:1513,0
DA:1516,0
DA:1519,0
DA:1522,0
DA:1525,0
DA:1528,0
DA:1531,0
DA:1535,0
DA:1539,0
DA:1543,0
DA:1547,0
DA:1549,0
DA:1553,0
DA:1561,0
DA:1586,0
DA:1592,0
DA:1593,0
DA:1597,0
DA:1607,0
DA:1618,0
DA:1640,0
DA:1683,0
DA:1690,0
DA:1696,0
DA:1701,0
DA:1707,0
DA:1730,0
DA:1734,0
DA:1737,3
DA:1844,3
DA:1845,3
DA:1846,3
DA:1847,3
DA:1849,0
DA:1850,0
DA:1869,0
DA:1871,0
DA:1874,0
DA:1877,0
DA:1880,0
DA:1883,0
DA:1886,0
DA:1889,0
DA:1892,0
DA:1895,0
DA:1898,0
DA:1899,0
DA:1903,0
DA:1906,0
DA:1909,0
DA:1912,0
DA:1913,0
DA:1917,0
DA:1918,0
DA:1923,0
DA:1931,0
DA:1950,0
DA:1956,0
DA:1957,0
DA:1961,0
DA:2001,0
DA:2015,0
DA:2020,0
DA:2025,0
DA:2031,0
LF:354
LH:104
BRDA:50,0,0,0
BRDA:50,0,1,0
BRDA:76,1,0,0
BRDA:76,1,1,0
BRDA:85,2,0,0
BRDA:85,2,1,0
BRDA:108,3,0,0
BRDA:108,3,1,0
BRDA:134,4,0,0
BRDA:134,4,1,0
BRDA:143,5,0,0
BRDA:143,5,1,0
BRDA:162,6,0,0
BRDA:162,6,1,0
BRDA:182,7,0,0
BRDA:182,7,1,0
BRDA:191,8,0,0
BRDA:191,8,1,0
BRDA:228,9,0,0
BRDA:228,9,1,0
BRDA:277,10,0,0
BRDA:277,10,1,0
BRDA:287,11,0,0
BRDA:287,11,1,0
BRDA:322,12,0,0
BRDA:322,12,1,0
BRDA:362,13,0,0
BRDA:362,13,1,0
BRDA:378,14,0,0
BRDA:378,14,1,0
BRDA:407,15,0,0
BRDA:407,15,1,0
BRDA:433,16,0,0
BRDA:433,16,1,0
BRDA:443,17,0,0
BRDA:443,17,1,0
BRDA:467,18,0,0
BRDA:467,18,1,0
BRDA:493,19,0,0
BRDA:493,19,1,0
BRDA:503,20,0,0
BRDA:503,20,1,0
BRDA:527,21,0,0
BRDA:527,21,1,0
BRDA:554,22,0,0
BRDA:554,22,1,0
BRDA:564,23,0,0
BRDA:564,23,1,0
BRDA:575,24,0,0
BRDA:575,24,1,0
BRDA:584,25,0,0
BRDA:584,25,1,0
BRDA:594,26,0,0
BRDA:594,26,1,0
BRDA:603,27,0,0
BRDA:603,27,1,0
BRDA:639,28,0,0
BRDA:639,28,1,0
BRDA:644,29,0,0
BRDA:644,29,1,0
BRDA:673,30,0,0
BRDA:673,30,1,0
BRDA:735,31,0,0
BRDA:735,31,1,0
BRDA:740,32,0,0
BRDA:740,32,1,0
BRDA:769,33,0,0
BRDA:769,33,1,0
BRDA:866,34,0,0
BRDA:866,34,1,0
BRDA:924,35,0,0
BRDA:924,35,1,0
BRDA:942,36,0,0
BRDA:942,36,1,0
BRDA:945,37,0,0
BRDA:945,37,1,0
BRDA:948,38,0,0
BRDA:948,38,1,0
BRDA:951,39,0,0
BRDA:951,39,1,0
BRDA:998,40,0,0
BRDA:998,40,1,0
BRDA:1005,41,0,0
BRDA:1005,41,1,0
BRDA:1036,42,0,0
BRDA:1036,42,1,0
BRDA:1135,43,0,0
BRDA:1135,43,1,0
BRDA:1202,44,0,0
BRDA:1202,44,1,0
BRDA:1229,45,0,0
BRDA:1229,45,1,0
BRDA:1232,46,0,0
BRDA:1232,46,1,0
BRDA:1432,47,0,0
BRDA:1432,47,1,0
BRDA:1592,48,0,0
BRDA:1592,48,1,0
BRDA:1600,49,0,0
BRDA:1600,49,1,0
BRDA:1633,50,0,0
BRDA:1633,50,1,0
BRDA:1643,51,0,0
BRDA:1643,51,1,0
BRDA:1649,52,0,0
BRDA:1649,52,1,0
BRDA:1652,53,0,0
BRDA:1652,53,1,0
BRDA:1655,54,0,0
BRDA:1655,54,1,0
BRDA:1658,55,0,0
BRDA:1658,55,1,0
BRDA:1661,56,0,0
BRDA:1661,56,1,0
BRDA:1667,57,0,0
BRDA:1667,57,1,0
BRDA:1673,58,0,0
BRDA:1673,58,1,0
BRDA:1676,59,0,0
BRDA:1676,59,1,0
BRDA:1849,60,0,0
BRDA:1849,60,1,0
BRDA:1956,61,0,0
BRDA:1956,61,1,0
BRDA:1984,62,0,0
BRDA:1984,62,1,0
BRDA:1991,63,0,0
BRDA:1991,63,1,0
BRDA:1997,64,0,0
BRDA:1997,64,1,0
BRDA:2004,65,0,0
BRDA:2004,65,1,0
BRDA:2007,66,0,0
BRDA:2007,66,1,0
BRDA:2010,67,0,0
BRDA:2010,67,1,0
BRF:136
BRH:0
end_of_record
TN:
SF:source/XSD.ts
FN:20,_decode_XMLCompatibleString
FN:26,_encode_XMLCompatibleString
FN:43,_decode_AnySimpleType
FN:49,_encode_AnySimpleType
FN:62,_decode_String
FN:68,_encode_String
FN:79,(anonymous_6)
FN:112,_decode_AnyType
FN:114,(anonymous_8)
FN:131,(anonymous_9)
FN:133,(anonymous_10)
FN:136,(anonymous_11)
FN:145,_encode_AnyType
FN:150,(anonymous_13)
FN:158,(anonymous_14)
FN:162,(anonymous_15)
FN:166,(anonymous_16)
FN:171,(anonymous_17)
FN:181,(anonymous_18)
FN:200,_decode_AnyType_nillable_content
FN:202,(anonymous_20)
FN:216,(anonymous_21)
FN:225,_encode_AnyType_nillable_content
FN:230,(anonymous_23)
FN:238,(anonymous_24)
FN:243,(anonymous_25)
FN:253,(anonymous_26)
FN:290,_decode_AnyType_nillable
FN:292,(anonymous_28)
FN:302,(anonymous_29)
FN:304,(anonymous_30)
FN:307,(anonymous_31)
FN:309,(anonymous_32)
FN:312,(anonymous_33)
FN:334,_encode_AnyType_nillable
FN:339,(anonymous_35)
FN:347,(anonymous_36)
FN:351,(anonymous_37)
FN:362,(anonymous_38)
FN:374,_get_decoder_for_GenericTimeTypeChoice
FN:385,_get_encoder_for_GenericTimeTypeChoice
FN:403,_decode_Date
FN:412,_encode_Date
FN:425,_decode_DateTime
FN:431,_encode_DateTime
FN:444,_decode_Decimal
FN:450,_encode_Decimal
FN:463,_decode_Double
FN:469,_encode_Double
FN:482,_decode_Duration
FN:491,_encode_Duration
FN:511,_decode_NormalizedString
FN:517,_encode_NormalizedString
FN:530,_decode_Token
FN:536,_encode_Token
FN:549,_decode_Name
FN:555,_encode_Name
FN:565,_decode_NCName
FN:571,_encode_NCName
FN:584,_decode_ENTITY
FN:590,_encode_ENTITY
FN:603,_decode_ENTITIES
FN:606,(anonymous_62)
FN:611,_encode_ENTITIES
FN:617,(anonymous_64)
FN:627,_decode_Float
FN:633,_encode_Float
FN:650,_decode_DateTimeType
FN:656,_encode_DateTimeType
FN:669,_decode_GDay
FN:675,_encode_GDay
FN:685,_decode_GMonth
FN:691,_encode_GMonth
FN:704,_decode_GMonthDay
FN:710,_encode_GMonthDay
FN:723,_decode_GYear
FN:732,_encode_GYear
FN:752,_decode_GYearMonth
FN:761,_encode_GYearMonth
FN:777,_decode_ID
FN:783,_encode_ID
FN:793,_decode_IDREF
FN:799,_encode_IDREF
FN:812,_decode_IDREFS
FN:815,(anonymous_84)
FN:820,_encode_IDREFS
FN:826,(anonymous_86)
FN:836,_decode_Int
FN:842,_encode_Int
FN:852,_decode_Language
FN:858,_encode_Language
FN:871,_decode_Long
FN:877,_encode_Long
FN:887,_decode_NMTOKEN
FN:893,_encode_NMTOKEN
FN:906,_decode_NMTOKENS
FN:909,(anonymous_96)
FN:914,_encode_NMTOKENS
FN:920,(anonymous_98)
FN:934,_decode_XMLStringWithNoCRLFHT
FN:940,_encode_XMLStringWithNoCRLFHT
FN:953,_decode_AnyURI
FN:959,_encode_AnyURI
FN:970,(anonymous_103)
FN:992,_decode_QName
FN:994,(anonymous_105)
FN:1001,(anonymous_106)
FN:1004,(anonymous_107)
FN:1022,_encode_QName
FN:1027,(anonymous_109)
FN:1043,(anonymous_110)
FN:1055,_decode_NOTATION
FN:1061,_encode_NOTATION
FN:1074,_decode_Short
FN:1080,_encode_Short
FN:1093,_decode_Time
FN:1099,_encode_Time
FN:1113,_decode_UnsignedInt
FN:1119,_encode_UnsignedInt
FN:1136,_decode_UnsignedLong
FN:1142,_encode_UnsignedLong
FN:1159,_decode_UnsignedShort
FN:1165,_encode_UnsignedShort
FN:1182,_decode_XMLStringWithNoWhitespace
FN:1189,_encode_XMLStringWithNoWhitespace
FN:1203,_decode_Day
FN:1209,_encode_Day
FN:1219,_decode_Month
FN:1225,_encode_Month
FN:1238,_decode_MonthDay
FN:1244,_encode_MonthDay
FNF:131
FNH:0
FNDA:0,_decode_XMLCompatibleString
FNDA:0,_encode_XMLCompatibleString
FNDA:0,_decode_AnySimpleType
FNDA:0,_encode_AnySimpleType
FNDA:0,_decode_String
FNDA:0,_encode_String
FNDA:0,(anonymous_6)
FNDA:0,_decode_AnyType
FNDA:0,(anonymous_8)
FNDA:0,(anonymous_9)
FNDA:0,(anonymous_10)
FNDA:0,(anonymous_11)
FNDA:0,_encode_AnyType
FNDA:0,(anonymous_13)
FNDA:0,(anonymous_14)
FNDA:0,(anonymous_15)
FNDA:0,(anonymous_16)
FNDA:0,(anonymous_17)
FNDA:0,(anonymous_18)
FNDA:0,_decode_AnyType_nillable_content
FNDA:0,(anonymous_20)
FNDA:0,(anonymous_21)
FNDA:0,_encode_AnyType_nillable_content
FNDA:0,(anonymous_23)
FNDA:0,(anonymous_24)
FNDA:0,(anonymous_25)
FNDA:0,(anonymous_26)
FNDA:0,_decode_AnyType_nillable
FNDA:0,(anonymous_28)
FNDA:0,(anonymous_29)
FNDA:0,(anonymous_30)
FNDA:0,(anonymous_31)
FNDA:0,(anonymous_32)
FNDA:0,(anonymous_33)
FNDA:0,_encode_AnyType_nillable
FNDA:0,(anonymous_35)
FNDA:0,(anonymous_36)
FNDA:0,(anonymous_37)
FNDA:0,(anonymous_38)
FNDA:0,_get_decoder_for_GenericTimeTypeChoice
FNDA:0,_get_encoder_for_GenericTimeTypeChoice
FNDA:0,_decode_Date
FNDA:0,_encode_Date
FNDA:0,_decode_DateTime
FNDA:0,_encode_DateTime
FNDA:0,_decode_Decimal
FNDA:0,_encode_Decimal
FNDA:0,_decode_Double
FNDA:0,_encode_Double
FNDA:0,_decode_Duration
FNDA:0,_encode_Duration
FNDA:0,_decode_NormalizedString
FNDA:0,_encode_NormalizedString
FNDA:0,_decode_Token
FNDA:0,_encode_Token
FNDA:0,_decode_Name
FNDA:0,_encode_Name
FNDA:0,_decode_NCName
FNDA:0,_encode_NCName
FNDA:0,_decode_ENTITY
FNDA:0,_encode_ENTITY
FNDA:0,_decode_ENTITIES
FNDA:0,(anonymous_62)
FNDA:0,_encode_ENTITIES
FNDA:0,(anonymous_64)
FNDA:0,_decode_Float
FNDA:0,_encode_Float
FNDA:0,_decode_DateTimeType
FNDA:0,_encode_DateTimeType
FNDA:0,_decode_GDay
FNDA:0,_encode_GDay
FNDA:0,_decode_GMonth
FNDA:0,_encode_GMonth
FNDA:0,_decode_GMonthDay
FNDA:0,_encode_GMonthDay
FNDA:0,_decode_GYear
FNDA:0,_encode_GYear
FNDA:0,_decode_GYearMonth
FNDA:0,_encode_GYearMonth
FNDA:0,_decode_ID
FNDA:0,_encode_ID
FNDA:0,_decode_IDREF
FNDA:0,_encode_IDREF
FNDA:0,_decode_IDREFS
FNDA:0,(anonymous_84)
FNDA:0,_encode_IDREFS
FNDA:0,(anonymous_86)
FNDA:0,_decode_Int
FNDA:0,_encode_Int
FNDA:0,_decode_Language
FNDA:0,_encode_Language
FNDA:0,_decode_Long
FNDA:0,_encode_Long
FNDA:0,_decode_NMTOKEN
FNDA:0,_encode_NMTOKEN
FNDA:0,_decode_NMTOKENS
FNDA:0,(anonymous_96)
FNDA:0,_encode_NMTOKENS
FNDA:0,(anonymous_98)
FNDA:0,_decode_XMLStringWithNoCRLFHT
FNDA:0,_encode_XMLStringWithNoCRLFHT
FNDA:0,_decode_AnyURI
FNDA:0,_encode_AnyURI
FNDA:0,(anonymous_103)
FNDA:0,_decode_QName
FNDA:0,(anonymous_105)
FNDA:0,(anonymous_106)
FNDA:0,(anonymous_107)
FNDA:0,_encode_QName
FNDA:0,(anonymous_109)
FNDA:0,(anonymous_110)
FNDA:0,_decode_NOTATION
FNDA:0,_encode_NOTATION
FNDA:0,_decode_Short
FNDA:0,_encode_Short
FNDA:0,_decode_Time
FNDA:0,_encode_Time
FNDA:0,_decode_UnsignedInt
FNDA:0,_encode_UnsignedInt
FNDA:0,_decode_UnsignedLong
FNDA:0,_encode_UnsignedLong
FNDA:0,_decode_UnsignedShort
FNDA:0,_encode_UnsignedShort
FNDA:0,_decode_XMLStringWithNoWhitespace
FNDA:0,_encode_XMLStringWithNoWhitespace
FNDA:0,_decode_Day
FNDA:0,_encode_Day
FNDA:0,_decode_Month
FNDA:0,_encode_Month
FNDA:0,_decode_MonthDay
FNDA:0,_encode_MonthDay
DA:16,3
DA:19,3
DA:21,0
DA:22,0
DA:24,0
DA:30,0
DA:31,0
DA:33,0
DA:39,3
DA:42,3
DA:44,0
DA:45,0
DA:47,0
DA:53,0
DA:54,0
DA:56,0
DA:60,3
DA:61,3
DA:63,0
DA:64,0
DA:66,0
DA:72,0
DA:73,0
DA:75,0
DA:85,3
DA:108,3
DA:109,3
DA:110,3
DA:111,3
DA:113,0
DA:114,0
DA:115,0
DA:116,0
DA:117,0
DA:124,0
DA:125,0
DA:126,0
DA:130,0
DA:131,0
DA:133,0
DA:136,0
DA:140,0
DA:143,0
DA:149,0
DA:150,0
DA:154,0
DA:158,0
DA:162,0
DA:166,0
DA:171,0
DA:177,0
DA:183,3
DA:192,3
DA:193,3
DA:196,3
DA:199,3
DA:201,0
DA:202,0
DA:205,0
DA:206,0
DA:207,0
DA:214,0
DA:216,0
DA:220,0
DA:223,0
DA:229,0
DA:230,0
DA:234,0
DA:238,0
DA:243,0
DA:249,0
DA:259,3
DA:282,3
DA:283,3
DA:286,3
DA:289,3
DA:291,0
DA:292,0
DA:301,0
DA:303,0
DA:304,0
DA:308,0
DA:309,0
DA:313,0
DA:317,0
DA:325,0
DA:332,0
DA:338,0
DA:339,0
DA:343,0
DA:347,0
DA:351,0
DA:362,0
DA:368,0
DA:378,0
DA:389,0
DA:401,3
DA:402,3
DA:404,0
DA:405,0
DA:410,0
DA:413,0
DA:414,0
DA:419,0
DA:423,3
DA:424,3
DA:426,0
DA:427,0
DA:429,0
DA:435,0
DA:436,0
DA:438,0
DA:442,3
DA:443,3
DA:445,0
DA:446,0
DA:448,0
DA:454,0
DA:455,0
DA:457,0
DA:461,3
DA:462,3
DA:464,0
DA:465,0
DA:467,0
DA:473,0
DA:474,0
DA:476,0
DA:480,3
DA:481,3
DA:483,0
DA:484,0
DA:489,0
DA:495,0
DA:496,0
DA:501,0
DA:507,3
DA:510,3
DA:512,0
DA:513,0
DA:515,0
DA:521,0
DA:522,0
DA:524,0
DA:528,3
DA:529,3
DA:531,0
DA:532,0
DA:534,0
DA:540,0
DA:541,0
DA:543,0
DA:547,3
DA:548,3
DA:550,0
DA:551,0
DA:553,0
DA:556,0
DA:557,0
DA:559,0
DA:563,3
DA:564,3
DA:566,0
DA:567,0
DA:569,0
DA:575,0
DA:576,0
DA:578,0
DA:582,3
DA:583,3
DA:585,0
DA:586,0
DA:588,0
DA:594,0
DA:595,0
DA:597,0
DA:601,3
DA:602,3
DA:604,0
DA:605,0
DA:606,0
DA:609,0
DA:615,0
DA:616,0
DA:617,0
DA:621,0
DA:625,3
DA:626,3
DA:628,0
DA:629,0
DA:631,0
DA:637,0
DA:638,0
DA:640,0
DA:646,3
DA:649,3
DA:651,0
DA:652,0
DA:654,0
DA:660,0
DA:661,0
DA:663,0
DA:667,3
DA:668,3
DA:670,0
DA:671,0
DA:673,0
DA:676,0
DA:677,0
DA:679,0
DA:683,3
DA:684,3
DA:686,0
DA:687,0
DA:689,0
DA:695,0
DA:696,0
DA:698,0
DA:702,3
DA:703,3
DA:705,0
DA:706,0
DA:708,0
DA:714,0
DA:715,0
DA:717,0
DA:721,3
DA:722,3
DA:724,0
DA:725,0
DA:730,0
DA:736,0
DA:737,0
DA:742,0
DA:748,3
DA:751,3
DA:753,0
DA:754,0
DA:759,0
DA:765,0
DA:766,0
DA:771,0
DA:775,3
DA:776,3
DA:778,0
DA:779,0
DA:781,0
DA:784,0
DA:785,0
DA:787,0
DA:791,3
DA:792,3
DA:794,0
DA:795,0
DA:797,0
DA:803,0
DA:804,0
DA:806,0
DA:810,3
DA:811,3
DA:813,0
DA:814,0
DA:815,0
DA:818,0
DA:824,0
DA:825,0
DA:826,0
DA:830,0
DA:834,3
DA:835,3
DA:837,0
DA:838,0
DA:840,0
DA:843,0
DA:844,0
DA:846,0
DA:850,3
DA:851,3
DA:853,0
DA:854,0
DA:856,0
DA:862,0
DA:863,0
DA:865,0
DA:869,3
DA:870,3
DA:872,0
DA:873,0
DA:875,0
DA:878,0
DA:879,0
DA:881,0
DA:885,3
DA:886,3
DA:888,0
DA:889,0
DA:891,0
DA:897,0
DA:898,0
DA:900,0
DA:904,3
DA:905,3
DA:907,0
DA:908,0
DA:909,0
DA:912,0
DA:918,0
DA:919,0
DA:920,0
DA:924,0
DA:930,3
DA:933,3
DA:935,0
DA:936,0
DA:938,0
DA:944,0
DA:945,0
DA:947,0
DA:951,3
DA:952,3
DA:954,0
DA:955,0
DA:957,0
DA:963,0
DA:964,0
DA:966,0
DA:972,3
DA:988,3
DA:989,3
DA:990,3
DA:991,3
DA:993,0
DA:994,0
DA:1000,0
DA:1002,0
DA:1005,0
DA:1009,0
DA:1017,0
DA:1020,0
DA:1026,0
DA:1027,0
DA:1031,0
DA:1043,0
DA:1049,0
DA:1053,3
DA:1054,3
DA:1056,0
DA:1057,0
DA:1059,0
DA:1065,0
DA:1066,0
DA:1068,0
DA:1072,3
DA:1073,3
DA:1075,0
DA:1076,0
DA:1078,0
DA:1084,0
DA:1085,0
DA:1087,0
DA:1091,3
DA:1092,3
DA:1094,0
DA:1095,0
DA:1097,0
DA:1100,0
DA:1101,0
DA:1103,0
DA:1109,3
DA:1112,3
DA:1114,0
DA:1115,0
DA:1117,0
DA:1123,0
DA:1124,0
DA:1126,0
DA:1132,3
DA:1135,3
DA:1137,0
DA:1138,0
DA:1140,0
DA:1146,0
DA:1147,0
DA:1149,0
DA:1155,3
DA:1158,3
DA:1160,0
DA:1161,0
DA:1163,0
DA:1169,0
DA:1170,0
DA:1172,0
DA:1178,3
DA:1181,3
DA:1183,0
DA:1184,0
DA:1187,0
DA:1193,0
DA:1194,0
DA:1197,0
DA:1201,3
DA:1202,3
DA:1204,0
DA:1205,0
DA:1207,0
DA:1210,0
DA:1211,0
DA:1213,0
DA:1217,3
DA:1218,3
DA:1220,0
DA:1221,0
DA:1223,0
DA:1229,0
DA:1230,0
DA:1232,0
DA:1236,3
DA:1237,3
DA:1239,0
DA:1240,0
DA:1242,0
DA:1248,0
DA:1249,0
DA:1251,0
LF:424
LH:102
BRDA:21,0,0,0
BRDA:21,0,1,0
BRDA:30,1,0,0
BRDA:30,1,1,0
BRDA:44,2,0,0
BRDA:44,2,1,0
BRDA:53,3,0,0
BRDA:53,3,1,0
BRDA:63,4,0,0
BRDA:63,4,1,0
BRDA:72,5,0,0
BRDA:72,5,1,0
BRDA:113,6,0,0
BRDA:113,6,1,0
BRDA:116,7,0,0
BRDA:116,7,1,0
BRDA:149,8,0,0
BRDA:149,8,1,0
BRDA:201,9,0,0
BRDA:201,9,1,0
BRDA:206,10,0,0
BRDA:206,10,1,0
BRDA:229,11,0,0
BRDA:229,11,1,0
BRDA:291,12,0,0
BRDA:291,12,1,0
BRDA:338,13,0,0
BRDA:338,13,1,0
BRDA:354,14,0,0
BRDA:354,14,1,0
BRDA:404,15,0,0
BRDA:404,15,1,0
BRDA:413,16,0,0
BRDA:413,16,1,0
BRDA:426,17,0,0
BRDA:426,17,1,0
BRDA:435,18,0,0
BRDA:435,18,1,0
BRDA:445,19,0,0
BRDA:445,19,1,0
BRDA:454,20,0,0
BRDA:454,20,1,0
BRDA:464,21,0,0
BRDA:464,21,1,0
BRDA:473,22,0,0
BRDA:473,22,1,0
BRDA:483,23,0,0
BRDA:483,23,1,0
BRDA:495,24,0,0
BRDA:495,24,1,0
BRDA:512,25,0,0
BRDA:512,25,1,0
BRDA:521,26,0,0
BRDA:521,26,1,0
BRDA:531,27,0,0
BRDA:531,27,1,0
BRDA:540,28,0,0
BRDA:540,28,1,0
BRDA:550,29,0,0
BRDA:550,29,1,0
BRDA:556,30,0,0
BRDA:556,30,1,0
BRDA:566,31,0,0
BRDA:566,31,1,0
BRDA:575,32,0,0
BRDA:575,32,1,0
BRDA:585,33,0,0
BRDA:585,33,1,0
BRDA:594,34,0,0
BRDA:594,34,1,0
BRDA:604,35,0,0
BRDA:604,35,1,0
BRDA:615,36,0,0
BRDA:615,36,1,0
BRDA:628,37,0,0
BRDA:628,37,1,0
BRDA:637,38,0,0
BRDA:637,38,1,0
BRDA:651,39,0,0
BRDA:651,39,1,0
BRDA:660,40,0,0
BRDA:660,40,1,0
BRDA:670,41,0,0
BRDA:670,41,1,0
BRDA:676,42,0,0
BRDA:676,42,1,0
BRDA:686,43,0,0
BRDA:686,43,1,0
BRDA:695,44,0,0
BRDA:695,44,1,0
BRDA:705,45,0,0
BRDA:705,45,1,0
BRDA:714,46,0,0
BRDA:714,46,1,0
BRDA:724,47,0,0
BRDA:724,47,1,0
BRDA:736,48,0,0
BRDA:736,48,1,0
BRDA:753,49,0,0
BRDA:753,49,1,0
BRDA:765,50,0,0
BRDA:765,50,1,0
BRDA:778,51,0,0
BRDA:778,51,1,0
BRDA:784,52,0,0
BRDA:784,52,1,0
BRDA:794,53,0,0
BRDA:794,53,1,0
BRDA:803,54,0,0
BRDA:803,54,1,0
BRDA:813,55,0,0
BRDA:813,55,1,0
BRDA:824,56,0,0
BRDA:824,56,1,0
BRDA:837,57,0,0
BRDA:837,57,1,0
BRDA:843,58,0,0
BRDA:843,58,1,0
BRDA:853,59,0,0
BRDA:853,59,1,0
BRDA:862,60,0,0
BRDA:862,60,1,0
BRDA:872,61,0,0
BRDA:872,61,1,0
BRDA:878,62,0,0
BRDA:878,62,1,0
BRDA:888,63,0,0
BRDA:888,63,1,0
BRDA:897,64,0,0
BRDA:897,64,1,0
BRDA:907,65,0,0
BRDA:907,65,1,0
BRDA:918,66,0,0
BRDA:918,66,1,0
BRDA:935,67,0,0
BRDA:935,67,1,0
BRDA:944,68,0,0
BRDA:944,68,1,0
BRDA:954,69,0,0
BRDA:954,69,1,0
BRDA:963,70,0,0
BRDA:963,70,1,0
BRDA:993,71,0,0
BRDA:993,71,1,0
BRDA:1026,72,0,0
BRDA:1026,72,1,0
BRDA:1034,73,0,0
BRDA:1034,73,1,0
BRDA:1056,74,0,0
BRDA:1056,74,1,0
BRDA:1065,75,0,0
BRDA:1065,75,1,0
BRDA:1075,76,0,0
BRDA:1075,76,1,0
BRDA:1084,77,0,0
BRDA:1084,77,1,0
BRDA:1094,78,0,0
BRDA:1094,78,1,0
BRDA:1100,79,0,0
BRDA:1100,79,1,0
BRDA:1114,80,0,0
BRDA:1114,80,1,0
BRDA:1123,81,0,0
BRDA:1123,81,1,0
BRDA:1137,82,0,0
BRDA:1137,82,1,0
BRDA:1146,83,0,0
BRDA:1146,83,1,0
BRDA:1160,84,0,0
BRDA:1160,84,1,0
BRDA:1169,85,0,0
BRDA:1169,85,1,0
BRDA:1183,86,0,0
BRDA:1183,86,1,0
BRDA:1193,87,0,0
BRDA:1193,87,1,0
BRDA:1204,88,0,0
BRDA:1204,88,1,0
BRDA:1210,89,0,0
BRDA:1210,89,1,0
BRDA:1220,90,0,0
BRDA:1220,90,1,0
BRDA:1229,91,0,0
BRDA:1229,91,1,0
BRDA:1239,92,0,0
BRDA:1239,92,1,0
BRDA:1248,93,0,0
BRDA:1248,93,1,0
BRF:188
BRH:0
end_of_record
TN:
SF:source/__utils.ts
FN:99,hasTag
FN:103,(anonymous_1)
FN:109,hasAnyTag
FN:113,hasTagClass
FN:114,(anonymous_4)
FN:119,hasTagNumberIn
FN:120,(anonymous_6)
FN:122,(anonymous_7)
FN:127,tagClassName
FN:143,deepEq
FN:150,isDefault
FN:151,(anonymous_11)
FN:162,present
FN:173,_encode_explicit
FN:179,(anonymous_14)
FN:193,_decode_explicit
FN:196,(anonymous_16)
FN:199,_encode_implicit
FN:205,(anonymous_18)
FN:217,_decode_implicit
FN:220,(anonymous_20)
FN:223,_tagClass
FN:232,_construction
FN:241,_tagNumber
FN:252,(anonymous_24)
FN:256,(anonymous_25)
FN:260,(anonymous_26)
FN:267,(anonymous_27)
FN:278,(anonymous_28)
FN:289,(anonymous_29)
FN:308,(anonymous_30)
FN:319,(anonymous_31)
FN:330,(anonymous_32)
FN:341,(anonymous_33)
FN:352,(anonymous_34)
FN:363,(anonymous_35)
FN:374,(anonymous_36)
FN:385,(anonymous_37)
FN:396,(anonymous_38)
FN:407,(anonymous_39)
FN:426,(anonymous_40)
FN:437,(anonymous_41)
FN:448,(anonymous_42)
FN:459,(anonymous_43)
FN:470,(anonymous_44)
FN:481,(anonymous_45)
FN:492,(anonymous_46)
FN:511,(anonymous_47)
FN:522,(anonymous_48)
FN:565,(anonymous_49)
FN:576,(anonymous_50)
FN:587,(anonymous_51)
FN:598,(anonymous_52)
FN:609,(anonymous_53)
FN:620,(anonymous_54)
FN:631,(anonymous_55)
FN:642,(anonymous_56)
FN:653,(anonymous_57)
FN:664,(anonymous_58)
FN:675,(anonymous_59)
FN:686,(anonymous_60)
FN:697,(anonymous_61)
FN:708,(anonymous_62)
FN:719,(anonymous_63)
FN:730,(anonymous_64)
FN:741,(anonymous_65)
FN:750,(anonymous_66)
FN:756,(anonymous_67)
FN:762,(anonymous_68)
FN:772,(anonymous_69)
FN:776,(anonymous_70)
FN:782,(anonymous_71)
FN:788,(anonymous_72)
FN:794,(anonymous_73)
FN:800,(anonymous_74)
FN:806,(anonymous_75)
FN:812,(anonymous_76)
FN:818,(anonymous_77)
FN:822,(anonymous_78)
FN:830,(anonymous_79)
FN:836,(anonymous_80)
FN:842,(anonymous_81)
FN:846,(anonymous_82)
FN:852,(anonymous_83)
FN:858,(anonymous_84)
FN:864,(anonymous_85)
FN:874,(anonymous_86)
FN:878,(anonymous_87)
FN:900,(anonymous_88)
FN:906,(anonymous_89)
FN:912,(anonymous_90)
FN:918,(anonymous_91)
FN:924,(anonymous_92)
FN:930,(anonymous_93)
FN:936,(anonymous_94)
FN:942,(anonymous_95)
FN:948,(anonymous_96)
FN:954,(anonymous_97)
FN:960,(anonymous_98)
FN:966,(anonymous_99)
FN:972,(anonymous_100)
FN:978,(anonymous_101)
FN:984,(anonymous_102)
FN:990,(anonymous_103)
FN:996,(anonymous_104)
FN:1005,(anonymous_105)
FN:1014,_parse_set
FN:1020,(anonymous_107)
FN:1064,(anonymous_108)
FN:1085,(anonymous_109)
FN:1086,(anonymous_110)
FN:1113,(anonymous_111)
FN:1114,(anonymous_112)
FN:1119,(anonymous_113)
FN:1121,(anonymous_114)
FN:1122,(anonymous_115)
FN:1139,_parse_component_type_list
FN:1200,_get_possible_initial_components
FN:1224,_parse_sequence_with_trailing_rctl
FN:1230,(anonymous_119)
FN:1243,(anonymous_120)
FN:1247,(anonymous_121)
FN:1248,(anonymous_122)
FN:1273,(anonymous_123)
FN:1287,_parse_sequence_without_trailing_rctl
FN:1292,(anonymous_125)
FN:1311,(anonymous_126)
FN:1322,_parse_sequence
FN:1328,(anonymous_128)
FN:1350,_encode_choice
FN:1354,(anonymous_130)
FN:1374,_decode_inextensible_choice
FN:1384,(anonymous_132)
FN:1406,_decode_extensible_choice
FN:1412,(anonymous_134)
FN:1429,_decodeSequenceOf
FN:1432,(anonymous_136)
FN:1437,_encodeSequenceOf
FN:1444,(anonymous_138)
FN:1446,(anonymous_139)
FN:1453,_decodeSetOf
FN:1456,(anonymous_141)
FN:1461,_encodeSetOf
FN:1468,(anonymous_143)
FN:1470,(anonymous_144)
FN:1477,(anonymous_145)
FN:1488,(anonymous_146)
FNF:147
FNH:2
FNDA:189,hasTag
FNDA:0,(anonymous_1)
FNDA:0,hasAnyTag
FNDA:0,hasTagClass
FNDA:0,(anonymous_4)
FNDA:0,hasTagNumberIn
FNDA:0,(anonymous_6)
FNDA:0,(anonymous_7)
FNDA:0,tagClassName
FNDA:0,deepEq
FNDA:0,isDefault
FNDA:0,(anonymous_11)
FNDA:0,present
FNDA:0,_encode_explicit
FNDA:0,(anonymous_14)
FNDA:0,_decode_explicit
FNDA:0,(anonymous_16)
FNDA:0,_encode_implicit
FNDA:0,(anonymous_18)
FNDA:0,_decode_implicit
FNDA:0,(anonymous_20)
FNDA:0,_tagClass
FNDA:0,_construction
FNDA:0,_tagNumber
FNDA:0,(anonymous_24)
FNDA:0,(anonymous_25)
FNDA:0,(anonymous_26)
FNDA:0,(anonymous_27)
FNDA:0,(anonymous_28)
FNDA:0,(anonymous_29)
FNDA:0,(anonymous_30)
FNDA:0,(anonymous_31)
FNDA:0,(anonymous_32)
FNDA:0,(anonymous_33)
FNDA:0,(anonymous_34)
FNDA:0,(anonymous_35)
FNDA:0,(anonymous_36)
FNDA:0,(anonymous_37)
FNDA:0,(anonymous_38)
FNDA:0,(anonymous_39)
FNDA:0,(anonymous_40)
FNDA:0,(anonymous_41)
FNDA:0,(anonymous_42)
FNDA:0,(anonymous_43)
FNDA:0,(anonymous_44)
FNDA:0,(anonymous_45)
FNDA:0,(anonymous_46)
FNDA:0,(anonymous_47)
FNDA:0,(anonymous_48)
FNDA:0,(anonymous_49)
FNDA:0,(anonymous_50)
FNDA:0,(anonymous_51)
FNDA:0,(anonymous_52)
FNDA:0,(anonymous_53)
FNDA:0,(anonymous_54)
FNDA:0,(anonymous_55)
FNDA:0,(anonymous_56)
FNDA:0,(anonymous_57)
FNDA:0,(anonymous_58)
FNDA:0,(anonymous_59)
FNDA:0,(anonymous_60)
FNDA:0,(anonymous_61)
FNDA:0,(anonymous_62)
FNDA:0,(anonymous_63)
FNDA:0,(anonymous_64)
FNDA:0,(anonymous_65)
FNDA:0,(anonymous_66)
FNDA:0,(anonymous_67)
FNDA:0,(anonymous_68)
FNDA:0,(anonymous_69)
FNDA:0,(anonymous_70)
FNDA:0,(anonymous_71)
FNDA:0,(anonymous_72)
FNDA:0,(anonymous_73)
FNDA:0,(anonymous_74)
FNDA:0,(anonymous_75)
FNDA:0,(anonymous_76)
FNDA:0,(anonymous_77)
FNDA:0,(anonymous_78)
FNDA:0,(anonymous_79)
FNDA:0,(anonymous_80)
FNDA:0,(anonymous_81)
FNDA:0,(anonymous_82)
FNDA:0,(anonymous_83)
FNDA:0,(anonymous_84)
FNDA:0,(anonymous_85)
FNDA:0,(anonymous_86)
FNDA:0,(anonymous_87)
FNDA:0,(anonymous_88)
FNDA:0,(anonymous_89)
FNDA:0,(anonymous_90)
FNDA:0,(anonymous_91)
FNDA:0,(anonymous_92)
FNDA:0,(anonymous_93)
FNDA:0,(anonymous_94)
FNDA:0,(anonymous_95)
FNDA:0,(anonymous_96)
FNDA:0,(anonymous_97)
FNDA:0,(anonymous_98)
FNDA:0,(anonymous_99)
FNDA:0,(anonymous_100)
FNDA:0,(anonymous_101)
FNDA:0,(anonymous_102)
FNDA:0,(anonymous_103)
FNDA:0,(anonymous_104)
FNDA:189,(anonymous_105)
FNDA:0,_parse_set
FNDA:0,(anonymous_107)
FNDA:0,(anonymous_108)
FNDA:0,(anonymous_109)
FNDA:0,(anonymous_110)
FNDA:0,(anonymous_111)
FNDA:0,(anonymous_112)
FNDA:0,(anonymous_113)
FNDA:0,(anonymous_114)
FNDA:0,(anonymous_115)
FNDA:0,_parse_component_type_list
FNDA:0,_get_possible_initial_components
FNDA:0,_parse_sequence_with_trailing_rctl
FNDA:0,(anonymous_119)
FNDA:0,(anonymous_120)
FNDA:0,(anonymous_121)
FNDA:0,(anonymous_122)
FNDA:0,(anonymous_123)
FNDA:0,_parse_sequence_without_trailing_rctl
FNDA:0,(anonymous_125)
FNDA:0,(anonymous_126)
FNDA:0,_parse_sequence
FNDA:0,(anonymous_128)
FNDA:0,_encode_choice
FNDA:0,(anonymous_130)
FNDA:0,_decode_inextensible_choice
FNDA:0,(anonymous_132)
FNDA:0,_decode_extensible_choice
FNDA:0,(anonymous_134)
FNDA:0,_decodeSequenceOf
FNDA:0,(anonymous_136)
FNDA:0,_encodeSequenceOf
FNDA:0,(anonymous_138)
FNDA:0,(anonymous_139)
FNDA:0,_decodeSetOf
FNDA:0,(anonymous_141)
FNDA:0,_encodeSetOf
FNDA:0,(anonymous_143)
FNDA:0,(anonymous_144)
FNDA:0,(anonymous_145)
FNDA:0,(anonymous_146)
DA:63,3
DA:64,3
DA:65,3
DA:66,3
DA:67,3
DA:68,3
DA:103,189
DA:104,0
DA:105,0
DA:110,0
DA:114,0
DA:115,0
DA:120,0
DA:121,0
DA:122,0
DA:128,0
DA:130,0
DA:132,0
DA:134,0
DA:136,0
DA:138,0
DA:144,0
DA:145,0
DA:147,0
DA:151,0
DA:152,0
DA:163,0
DA:179,0
DA:180,0
DA:181,0
DA:182,0
DA:183,0
DA:184,0
DA:186,0
DA:187,0
DA:189,0
DA:196,0
DA:205,0
DA:206,0
DA:207,0
DA:208,0
DA:210,0
DA:211,0
DA:213,0
DA:220,0
DA:227,0
DA:228,0
DA:229,0
DA:236,0
DA:237,0
DA:238,0
DA:245,0
DA:246,0
DA:247,0
DA:252,3
DA:255,0
DA:256,3
DA:259,0
DA:260,3
DA:263,0
DA:267,3
DA:271,0
DA:272,0
DA:273,0
DA:274,0
DA:275,0
DA:278,3
DA:282,0
DA:283,0
DA:284,0
DA:285,0
DA:286,0
DA:289,3
DA:293,0
DA:294,0
DA:295,0
DA:296,0
DA:297,0
DA:308,3
DA:312,0
DA:313,0
DA:314,0
DA:315,0
DA:316,0
DA:319,3
DA:323,0
DA:324,0
DA:325,0
DA:326,0
DA:327,0
DA:330,3
DA:334,0
DA:335,0
DA:336,0
DA:337,0
DA:338,0
DA:341,3
DA:345,0
DA:346,0
DA:347,0
DA:348,0
DA:349,0
DA:352,3
DA:356,0
DA:357,0
DA:358,0
DA:359,0
DA:360,0
DA:363,3
DA:367,0
DA:368,0
DA:369,0
DA:370,0
DA:371,0
DA:374,3
DA:378,0
DA:379,0
DA:380,0
DA:381,0
DA:382,0
DA:385,3
DA:389,0
DA:390,0
DA:391,0
DA:392,0
DA:393,0
DA:396,3
DA:400,0
DA:401,0
DA:402,0
DA:403,0
DA:404,0
DA:407,3
DA:411,0
DA:412,0
DA:413,0
DA:414,0
DA:415,0
DA:426,3
DA:430,0
DA:431,0
DA:432,0
DA:433,0
DA:434,0
DA:437,3
DA:441,0
DA:442,0
DA:443,0
DA:444,0
DA:445,0
DA:448,3
DA:452,0
DA:453,0
DA:454,0
DA:455,0
DA:456,0
DA:459,3
DA:463,0
DA:464,0
DA:465,0
DA:466,0
DA:467,0
DA:470,3
DA:474,0
DA:475,0
DA:476,0
DA:477,0
DA:478,0
DA:481,3
DA:485,0
DA:486,0
DA:487,0
DA:488,0
DA:489,0
DA:492,3
DA:496,0
DA:497,0
DA:498,0
DA:499,0
DA:500,0
DA:511,3
DA:515,0
DA:516,0
DA:517,0
DA:518,0
DA:519,0
DA:522,3
DA:526,0
DA:527,0
DA:528,0
DA:529,0
DA:530,0
DA:565,3
DA:569,0
DA:570,0
DA:571,0
DA:572,0
DA:573,0
DA:576,3
DA:580,0
DA:581,0
DA:582,0
DA:583,0
DA:584,0
DA:587,3
DA:591,0
DA:592,0
DA:593,0
DA:594,0
DA:595,0
DA:598,3
DA:602,0
DA:603,0
DA:604,0
DA:605,0
DA:606,0
DA:609,3
DA:613,0
DA:614,0
DA:615,0
DA:616,0
DA:617,0
DA:620,3
DA:624,0
DA:625,0
DA:626,0
DA:627,0
DA:628,0
DA:631,3
DA:635,0
DA:636,0
DA:637,0
DA:638,0
DA:639,0
DA:642,3
DA:646,0
DA:647,0
DA:648,0
DA:649,0
DA:650,0
DA:653,3
DA:657,0
DA:658,0
DA:659,0
DA:660,0
DA:661,0
DA:664,3
DA:668,0
DA:669,0
DA:670,0
DA:671,0
DA:672,0
DA:675,3
DA:679,0
DA:680,0
DA:681,0
DA:682,0
DA:683,0
DA:686,3
DA:690,0
DA:691,0
DA:692,0
DA:693,0
DA:694,0
DA:697,3
DA:701,0
DA:702,0
DA:703,0
DA:704,0
DA:705,0
DA:708,3
DA:712,0
DA:713,0
DA:714,0
DA:715,0
DA:716,0
DA:719,3
DA:723,0
DA:724,0
DA:725,0
DA:726,0
DA:727,0
DA:730,3
DA:734,0
DA:735,0
DA:736,0
DA:737,0
DA:738,0
DA:741,3
DA:745,0
DA:750,3
DA:753,0
DA:756,3
DA:759,0
DA:762,3
DA:765,0
DA:772,3
DA:773,0
DA:776,3
DA:779,0
DA:782,3
DA:785,0
DA:788,3
DA:791,0
DA:794,3
DA:797,0
DA:800,3
DA:803,0
DA:806,3
DA:809,0
DA:812,3
DA:815,0
DA:818,3
DA:819,0
DA:822,3
DA:823,0
DA:830,3
DA:833,0
DA:836,3
DA:839,0
DA:842,3
DA:843,0
DA:846,3
DA:849,0
DA:852,3
DA:855,0
DA:858,3
DA:861,0
DA:864,3
DA:867,0
DA:874,3
DA:875,0
DA:878,3
DA:881,0
DA:900,3
DA:903,0
DA:906,3
DA:909,0
DA:912,3
DA:915,0
DA:918,3
DA:921,0
DA:924,3
DA:927,0
DA:930,3
DA:933,0
DA:936,3
DA:939,0
DA:942,3
DA:945,0
DA:948,3
DA:951,0
DA:954,3
DA:957,0
DA:960,3
DA:963,0
DA:966,3
DA:969,0
DA:972,3
DA:975,0
DA:978,3
DA:981,0
DA:984,3
DA:987,0
DA:990,3
DA:993,0
DA:996,3
DA:999,0
DA:1023,0
DA:1026,0
DA:1029,0
DA:1049,0
DA:1052,0
DA:1053,0
DA:1063,0
DA:1064,0
DA:1065,0
DA:1066,0
DA:1067,0
DA:1073,0
DA:1081,0
DA:1082,0
DA:1085,0
DA:1086,0
DA:1087,0
DA:1089,0
DA:1090,0
DA:1091,0
DA:1093,0
DA:1094,0
DA:1098,0
DA:1099,0
DA:1100,0
DA:1102,0
DA:1103,0
DA:1104,0
DA:1106,0
DA:1111,0
DA:1112,0
DA:1113,0
DA:1115,0
DA:1116,0
DA:1119,0
DA:1120,0
DA:1121,0
DA:1123,0
DA:1124,0
DA:1128,0
DA:1129,0
DA:1145,0
DA:1146,0
DA:1147,0
DA:1148,0
DA:1149,0
DA:1150,0
DA:1151,0
DA:1153,0
DA:1155,0
DA:1156,0
DA:1164,0
DA:1166,0
DA:1170,0
DA:1174,0
DA:1175,0
DA:1178,0
DA:1183,0
DA:1184,0
DA:1185,0
DA:1186,0
DA:1188,0
DA:1189,0
DA:1191,0
DA:1192,0
DA:1193,0
DA:1195,0
DA:1197,0
DA:1203,0
DA:1204,0
DA:1205,0
DA:1206,0
DA:1209,0
DA:1232,0
DA:1233,0
DA:1239,0
DA:1242,0
DA:1243,0
DA:1245,0
DA:1246,0
DA:1248,0
DA:1249,0
DA:1252,0
DA:1254,0
DA:1255,0
DA:1257,0
DA:1262,0
DA:1263,0
DA:1270,0
DA:1271,0
DA:1273,0
DA:1274,0
DA:1280,0
DA:1281,0
DA:1294,0
DA:1295,0
DA:1301,0
DA:1308,0
DA:1309,0
DA:1311,0
DA:1330,0
DA:1331,0
DA:1340,0
DA:1354,0
DA:1355,0
DA:1356,0
DA:1358,0
DA:1362,0
DA:1363,0
DA:1365,0
DA:1366,0
DA:1367,0
DA:1368,0
DA:1370,0
DA:1384,0
DA:1385,0
DA:1386,0
DA:1387,0
DA:1388,0
DA:1389,0
DA:1390,0
DA:1392,0
DA:1399,0
DA:1400,0
DA:1401,0
DA:1402,0
DA:1412,0
DA:1413,0
DA:1414,0
DA:1415,0
DA:1417,0
DA:1418,0
DA:1419,0
DA:1420,0
DA:1432,0
DA:1433,0
DA:1444,0
DA:1445,0
DA:1446,0
DA:1447,0
DA:1448,0
DA:1449,0
DA:1456,0
DA:1457,0
DA:1468,0
DA:1469,0
DA:1470,0
DA:1471,0
DA:1472,0
DA:1473,0
DA:1477,3
DA:1481,0
DA:1482,0
DA:1483,0
DA:1484,0
DA:1485,0
DA:1488,3
DA:1491,0
LF:526
LH:90
BRDA:105,0,0,0
BRDA:105,0,1,0
BRDA:128,1,0,0
BRDA:128,1,1,0
BRDA:128,1,2,0
BRDA:128,1,3,0
BRDA:128,1,4,0
BRDA:144,2,0,0
BRDA:144,2,1,0
BRDA:183,3,0,0
BRDA:183,3,1,0
BRDA:186,4,0,0
BRDA:186,4,1,0
BRDA:207,5,0,0
BRDA:207,5,1,0
BRDA:210,6,0,0
BRDA:210,6,1,0
BRDA:1020,7,0,0
BRDA:1049,8,0,0
BRDA:1049,8,1,0
BRDA:1052,9,0,0
BRDA:1052,9,1,0
BRDA:1066,10,0,0
BRDA:1066,10,1,0
BRDA:1089,11,0,0
BRDA:1089,11,1,0
BRDA:1093,12,0,0
BRDA:1093,12,1,0
BRDA:1099,13,0,0
BRDA:1099,13,1,0
BRDA:1103,14,0,0
BRDA:1103,14,1,0
BRDA:1115,15,0,0
BRDA:1115,15,1,0
BRDA:1121,16,0,0
BRDA:1121,16,1,0
BRDA:1123,17,0,0
BRDA:1123,17,1,0
BRDA:1128,18,0,0
BRDA:1128,18,1,0
BRDA:1151,19,0,0
BRDA:1151,19,1,0
BRDA:1153,20,0,0
BRDA:1153,20,1,0
BRDA:1164,21,0,0
BRDA:1164,21,1,0
BRDA:1166,22,0,0
BRDA:1166,22,1,0
BRDA:1167,23,0,0
BRDA:1167,23,1,0
BRDA:1168,24,0,0
BRDA:1168,24,1,0
BRDA:1183,25,0,0
BRDA:1183,25,1,0
BRDA:1185,26,0,0
BRDA:1185,26,1,0
BRDA:1188,27,0,0
BRDA:1188,27,1,0
BRDA:1192,28,0,0
BRDA:1192,28,1,0
BRDA:1205,29,0,0
BRDA:1205,29,1,0
BRDA:1230,30,0,0
BRDA:1252,31,0,0
BRDA:1252,31,1,0
BRDA:1254,32,0,0
BRDA:1254,32,1,0
BRDA:1280,33,0,0
BRDA:1280,33,1,0
BRDA:1292,34,0,0
BRDA:1328,35,0,0
BRDA:1330,36,0,0
BRDA:1330,36,1,0
BRDA:1355,37,0,0
BRDA:1355,37,1,0
BRDA:1362,38,0,0
BRDA:1362,38,1,0
BRDA:1366,39,0,0
BRDA:1366,39,1,0
BRDA:1386,40,0,0
BRDA:1386,40,1,0
BRDA:1387,41,0,0
BRDA:1387,41,1,0
BRDA:1414,42,0,0
BRDA:1414,42,1,0
BRF:85
BRH:0
end_of_record
TN:
SF:source/constants.ts
FN:17,(anonymous_0)
FNF:1
FNH:0
FNDA:0,(anonymous_0)
DA:3,3
DA:16,3
DA:17,0
DA:20,3
LF:4
LH:3
BRF:0
BRH:0
end_of_record
TN:
SF:source/fromXML.ts
FN:29,validateDateTime
FN:44,alertInfoFromXML
FN:178,(anonymous_2)
FN:191,(anonymous_3)
FN:204,(anonymous_4)
FN:241,alertFromXML
FN:278,(anonymous_6)
FNF:7
FNH:0
FNDA:0,validateDateTime
FNDA:0,alertInfoFromXML
FNDA:0,(anonymous_2)
FNDA:0,(anonymous_3)
FNDA:0,(anonymous_4)
FNDA:0,alertFromXML
FNDA:0,(anonymous_6)
DA:30,0
DA:31,0
DA:34,0
DA:35,0
DA:37,0
DA:48,0
DA:49,0
DA:52,0
DA:53,0
DA:56,0
DA:57,0
DA:58,0
DA:59,0
DA:62,0
DA:63,0
DA:65,0
DA:68,0
DA:69,0
DA:71,0
DA:73,0
DA:74,0
DA:75,0
DA:76,0
DA:77,0
DA:80,0
DA:81,0
DA:83,0
DA:87,0
DA:88,0
DA:91,0
DA:92,0
DA:94,0
DA:95,0
DA:98,0
DA:99,0
DA:101,0
DA:102,0
DA:103,0
DA:106,0
DA:107,0
DA:109,0
DA:110,0
DA:111,0
DA:112,0
DA:113,0
DA:114,0
DA:117,0
DA:122,0
DA:126,0
DA:127,0
DA:128,0
DA:129,0
DA:131,0
DA:137,0
DA:138,0
DA:139,0
DA:140,0
DA:142,0
DA:148,0
DA:149,0
DA:150,0
DA:151,0
DA:153,0
DA:159,0
DA:160,0
DA:161,0
DA:162,0
DA:163,0
DA:164,0
DA:168,0
DA:177,0
DA:179,0
DA:190,0
DA:193,0
DA:197,0
DA:200,0
DA:205,0
DA:216,0
DA:242,0
DA:245,0
DA:246,0
DA:248,0
DA:251,0
DA:252,0
DA:255,0
DA:257,0
DA:258,0
DA:259,0
DA:261,0
DA:262,0
DA:263,0
DA:265,0
DA:266,0
DA:267,0
DA:269,0
DA:270,0
DA:271,0
DA:273,0
DA:276,0
DA:277,0
DA:278,0
DA:279,0
DA:282,0
DA:284,0
LF:104
LH:0
BRDA:30,0,0,0
BRDA:30,0,1,0
BRDA:34,1,0,0
BRDA:34,1,1,0
BRDA:48,2,0,0
BRDA:48,2,1,0
BRDA:48,3,0,0
BRDA:48,3,1,0
BRDA:52,4,0,0
BRDA:52,4,1,0
BRDA:52,5,0,0
BRDA:52,5,1,0
BRDA:58,6,0,0
BRDA:58,6,1,0
BRDA:62,7,0,0
BRDA:62,7,1,0
BRDA:68,8,0,0
BRDA:68,8,1,0
BRDA:74,9,0,0
BRDA:74,9,1,0
BRDA:76,10,0,0
BRDA:76,10,1,0
BRDA:80,11,0,0
BRDA:80,11,1,0
BRDA:87,12,0,0
BRDA:87,12,1,0
BRDA:89,13,0,0
BRDA:89,13,1,0
BRDA:91,14,0,0
BRDA:91,14,1,0
BRDA:94,15,0,0
BRDA:94,15,1,0
BRDA:96,16,0,0
BRDA:96,16,1,0
BRDA:98,17,0,0
BRDA:98,17,1,0
BRDA:101,18,0,0
BRDA:101,18,1,0
BRDA:104,19,0,0
BRDA:104,19,1,0
BRDA:106,20,0,0
BRDA:106,20,1,0
BRDA:110,21,0,0
BRDA:110,21,1,0
BRDA:113,22,0,0
BRDA:113,22,1,0
BRDA:127,23,0,0
BRDA:127,23,1,0
BRDA:138,24,0,0
BRDA:138,24,1,0
BRDA:149,25,0,0
BRDA:149,25,1,0
BRDA:160,26,0,0
BRDA:160,26,1,0
BRDA:163,27,0,0
BRDA:163,27,1,0
BRDA:177,28,0,0
BRDA:177,28,1,0
BRDA:182,29,0,0
BRDA:182,29,1,0
BRDA:183,30,0,0
BRDA:183,30,1,0
BRDA:184,31,0,0
BRDA:184,31,1,0
BRDA:185,32,0,0
BRDA:185,32,1,0
BRDA:190,33,0,0
BRDA:190,33,1,0
BRDA:193,34,0,0
BRDA:193,34,1,0
BRDA:197,35,0,0
BRDA:197,35,1,0
BRDA:204,36,0,0
BRDA:204,36,1,0
BRDA:217,37,0,0
BRDA:217,37,1,0
BRDA:224,38,0,0
BRDA:224,38,1,0
BRDA:229,39,0,0
BRDA:229,39,1,0
BRDA:230,40,0,0
BRDA:230,40,1,0
BRDA:231,41,0,0
BRDA:231,41,1,0
BRDA:232,42,0,0
BRDA:232,42,1,0
BRDA:233,43,0,0
BRDA:233,43,1,0
BRDA:234,44,0,0
BRDA:234,44,1,0
BRDA:251,45,0,0
BRDA:251,45,1,0
BRDA:257,46,0,0
BRDA:257,46,1,0
BRDA:258,47,0,0
BRDA:258,47,1,0
BRDA:261,48,0,0
BRDA:261,48,1,0
BRDA:262,49,0,0
BRDA:262,49,1,0
BRDA:265,50,0,0
BRDA:265,50,1,0
BRDA:266,51,0,0
BRDA:266,51,1,0
BRDA:271,52,0,0
BRDA:271,52,1,0
BRDA:292,53,0,0
BRDA:292,53,1,0
BRDA:293,54,0,0
BRDA:293,54,1,0
BRDA:294,55,0,0
BRDA:294,55,1,0
BRDA:295,56,0,0
BRDA:295,56,1,0
BRDA:296,57,0,0
BRDA:296,57,1,0
BRDA:297,58,0,0
BRDA:297,58,1,0
BRDA:299,59,0,0
BRDA:299,59,1,0
BRF:120
BRH:0
end_of_record
TN:
SF:source/index.ts
FNF:0
FNH:0
DA:1,1
DA:2,1
LF:2
LH:2
BRF:0
BRH:0
end_of_record
TN:
SF:source/toXML.ts
FN:18,alertInfoToXML
FN:27,(anonymous_1)
FN:44,(anonymous_2)
FN:52,(anonymous_3)
FN:58,(anonymous_4)
FN:65,(anonymous_5)
FN:70,(anonymous_6)
FN:75,(anonymous_7)
FN:80,(anonymous_8)
FN:86,alertToXML
FN:104,(anonymous_10)
FN:120,(anonymous_11)
FN:128,(anonymous_12)
FN:132,(anonymous_13)
FN:136,(anonymous_14)
FNF:15
FNH:0
FNDA:0,alertInfoToXML
FNDA:0,(anonymous_1)
FNDA:0,(anonymous_2)
FNDA:0,(anonymous_3)
FNDA:0,(anonymous_4)
FNDA:0,(anonymous_5)
FNDA:0,(anonymous_6)
FNDA:0,(anonymous_7)
FNDA:0,(anonymous_8)
FNDA:0,alertToXML
FNDA:0,(anonymous_10)
FNDA:0,(anonymous_11)
FNDA:0,(anonymous_12)
FNDA:0,(anonymous_13)
FNDA:0,(anonymous_14)
DA:21,0
DA:27,0
DA:28,0
DA:31,0
DA:45,0
DA:46,0
DA:47,0
DA:48,0
DA:52,0
DA:53,0
DA:58,0
DA:59,0
DA:65,0
DA:66,0
DA:67,0
DA:70,0
DA:71,0
DA:72,0
DA:75,0
DA:76,0
DA:79,0
DA:80,0
DA:81,0
DA:83,0
DA:87,0
DA:88,0
DA:89,0
DA:90,0
DA:92,0
DA:104,0
DA:105,0
DA:110,0
DA:121,0
DA:122,0
DA:123,0
DA:124,0
DA:128,0
DA:129,0
DA:132,0
DA:133,0
DA:136,0
DA:137,0
DA:140,0
DA:149,0
LF:44
LH:0
BRDA:46,0,0,0
BRDA:46,0,1,0
BRDA:46,1,0,0
BRDA:46,1,1,0
BRDA:47,2,0,0
BRDA:47,2,1,0
BRDA:47,3,0,0
BRDA:47,3,1,0
BRDA:67,4,0,0
BRDA:67,4,1,0
BRDA:72,5,0,0
BRDA:72,5,1,0
BRDA:122,6,0,0
BRDA:122,6,1,0
BRDA:122,7,0,0
BRDA:122,7,1,0
BRDA:123,8,0,0
BRDA:123,8,1,0
BRDA:123,9,0,0
BRDA:123,9,1,0
BRF:20
BRH:0
end_of_record
TN:
SF:test/jest/mock_data/mockData.ts
FN:120,(anonymous_0)
FN:127,(anonymous_1)
FNF:2
FNH:2
FNDA:6,(anonymous_0)
FNDA:3,(anonymous_1)
DA:3,3
DA:4,3
DA:5,3
DA:6,3
DA:7,3
DA:10,3
DA:11,3
DA:12,3
DA:13,3
DA:14,3
DA:21,3
DA:22,3
DA:23,3
DA:24,3
DA:25,3
DA:27,3
DA:29,3
DA:31,3
DA:32,3
DA:33,3
DA:43,3
DA:53,3
DA:64,3
DA:100,3
DA:121,6
DA:128,3
LF:26
LH:26
BRF:0
BRH:0
end_of_record
